ARM GAS  /tmp/ccxhUhxa.s 			page 1


   1              		.syntax unified
   2              		.cpu cortex-m3
   3              		.fpu softvfp
   4              		.eabi_attribute 20, 1
   5              		.eabi_attribute 21, 1
   6              		.eabi_attribute 23, 3
   7              		.eabi_attribute 24, 1
   8              		.eabi_attribute 25, 1
   9              		.eabi_attribute 26, 1
  10              		.eabi_attribute 30, 6
  11              		.eabi_attribute 34, 1
  12              		.eabi_attribute 18, 4
  13              		.thumb
  14              		.file	"usb_device_descriptor.c"
  15              		.text
  16              	.Ltext0:
  17              		.cfi_sections	.debug_frame
  18              		.global	deviceDescriptor
  19              		.section	.rodata
  20              		.align	2
  21              		.type	deviceDescriptor, %object
  22              		.size	deviceDescriptor, 18
  23              	deviceDescriptor:
  24 0000 12       		.byte	18
  25 0001 01       		.byte	1
  26 0002 0002     		.short	512
  27 0004 02       		.byte	2
  28 0005 00       		.byte	0
  29 0006 00       		.byte	0
  30 0007 40       		.byte	64
  31 0008 EB03     		.short	1003
  32 000a 1961     		.short	24857
  33 000c 0001     		.short	256
  34 000e 00       		.byte	0
  35 000f 01       		.byte	1
  36 0010 00       		.byte	0
  37 0011 01       		.byte	1
  38              		.global	configurationDescriptorsFS
  39 0012 0000     		.align	2
  40              		.type	configurationDescriptorsFS, %object
  41              		.size	configurationDescriptorsFS, 67
  42              	configurationDescriptorsFS:
  43 0014 09       		.byte	9
  44 0015 02       		.byte	2
  45 0016 4300     		.short	67
  46 0018 02       		.byte	2
  47 0019 01       		.byte	1
  48 001a 00       		.byte	0
  49 001b E0       		.byte	-32
  50 001c 32       		.byte	50
  51 001d 09       		.byte	9
  52 001e 04       		.byte	4
  53 001f 00       		.byte	0
  54 0020 00       		.byte	0
  55 0021 01       		.byte	1
  56 0022 02       		.byte	2
  57 0023 02       		.byte	2
ARM GAS  /tmp/ccxhUhxa.s 			page 2


  58 0024 00       		.byte	0
  59 0025 00       		.byte	0
  60 0026 05       		.byte	5
  61 0027 24       		.byte	36
  62 0028 00       		.byte	0
  63 0029 1001     		.2byte	272
  64 002b 05       		.byte	5
  65 002c 24       		.byte	36
  66 002d 01       		.byte	1
  67 002e 01       		.byte	1
  68 002f 00       		.byte	0
  69 0030 04       		.byte	4
  70 0031 24       		.byte	36
  71 0032 02       		.byte	2
  72 0033 02       		.byte	2
  73 0034 05       		.byte	5
  74 0035 24       		.byte	36
  75 0036 06       		.byte	6
  76 0037 00       		.byte	0
  77 0038 01       		.byte	1
  78 0039 07       		.byte	7
  79 003a 05       		.byte	5
  80 003b 83       		.byte	-125
  81 003c 03       		.byte	3
  82 003d 4000     		.2byte	64
  83 003f 0A       		.byte	10
  84 0040 09       		.byte	9
  85 0041 04       		.byte	4
  86 0042 01       		.byte	1
  87 0043 00       		.byte	0
  88 0044 02       		.byte	2
  89 0045 0A       		.byte	10
  90 0046 00       		.byte	0
  91 0047 00       		.byte	0
  92 0048 00       		.byte	0
  93 0049 07       		.byte	7
  94 004a 05       		.byte	5
  95 004b 01       		.byte	1
  96 004c 02       		.byte	2
  97 004d 4000     		.2byte	64
  98 004f 00       		.byte	0
  99 0050 07       		.byte	7
 100 0051 05       		.byte	5
 101 0052 82       		.byte	-126
 102 0053 02       		.byte	2
 103 0054 4000     		.short	64
 104 0056 00       		.byte	0
 105              		.global	languageIdStringDescriptor
 106 0057 00       		.align	2
 107              		.type	languageIdStringDescriptor, %object
 108              		.size	languageIdStringDescriptor, 4
 109              	languageIdStringDescriptor:
 110 0058 04       		.byte	4
 111 0059 03       		.byte	3
 112 005a 09       		.byte	9
 113 005b 04       		.byte	4
 114              		.global	productStringDescriptor
ARM GAS  /tmp/ccxhUhxa.s 			page 3


 115              		.align	2
 116              		.type	productStringDescriptor, %object
 117              		.size	productStringDescriptor, 28
 118              	productStringDescriptor:
 119 005c 1C       		.byte	28
 120 005d 03       		.byte	3
 121 005e 41       		.byte	65
 122 005f 00       		.byte	0
 123 0060 54       		.byte	84
 124 0061 00       		.byte	0
 125 0062 39       		.byte	57
 126 0063 00       		.byte	0
 127 0064 31       		.byte	49
 128 0065 00       		.byte	0
 129 0066 55       		.byte	85
 130 0067 00       		.byte	0
 131 0068 53       		.byte	83
 132 0069 00       		.byte	0
 133 006a 42       		.byte	66
 134 006b 00       		.byte	0
 135 006c 53       		.byte	83
 136 006d 00       		.byte	0
 137 006e 65       		.byte	101
 138 006f 00       		.byte	0
 139 0070 72       		.byte	114
 140 0071 00       		.byte	0
 141 0072 69       		.byte	105
 142 0073 00       		.byte	0
 143 0074 61       		.byte	97
 144 0075 00       		.byte	0
 145 0076 6C       		.byte	108
 146 0077 00       		.byte	0
 147              		.global	stringDescriptors
 148              		.data
 149              		.align	2
 150              		.type	stringDescriptors, %object
 151              		.size	stringDescriptors, 8
 152              	stringDescriptors:
 153 0000 00000000 		.word	languageIdStringDescriptor
 154 0004 00000000 		.word	productStringDescriptor
 155              		.global	cdcdSerialDriverDescriptors
 156              		.section	.rodata
 157              		.align	2
 158              		.type	cdcdSerialDriverDescriptors, %object
 159              		.size	cdcdSerialDriverDescriptors, 40
 160              	cdcdSerialDriverDescriptors:
 161 0078 00000000 		.word	deviceDescriptor
 162 007c 00000000 		.word	configurationDescriptorsFS
 163 0080 00000000 		.word	0
 164 0084 00000000 		.word	0
 165 0088 00000000 		.word	0
 166 008c 00000000 		.word	0
 167 0090 00000000 		.word	0
 168 0094 00000000 		.word	0
 169 0098 00000000 		.word	stringDescriptors
 170 009c 02       		.byte	2
 171 009d 000000   		.space	3
ARM GAS  /tmp/ccxhUhxa.s 			page 4


 172              		.text
 173              	.Letext0:
 174              		.file 1 "/usr/local/Sourcery/bin/../lib/gcc/arm-none-eabi/4.6.1/../../../../arm-none-eabi/include/
 175              		.file 2 "../libusb/include/USBDescriptors.h"
 176              		.file 3 "../libusb/include/USBDDriver.h"
 177              		.file 4 "../libusb/include/CDCDescriptors.h"
 178              		.file 5 "../libusb/include/CDCDSerialDriver.h"
 179              		.file 6 "../libchip/cmsis/core_cm3.h"
 180              		.file 7 "board/usb_device_descriptor.c"
 181              		.section	.debug_info,"",%progbits
 182              	.Ldebug_info0:
 183 0000 B9070000 		.4byte	0x7b9
 184 0004 0200     		.2byte	0x2
 185 0006 00000000 		.4byte	.Ldebug_abbrev0
 186 000a 04       		.byte	0x4
 187 000b 01       		.uleb128 0x1
 188 000c 9B040000 		.4byte	.LASF99
 189 0010 01       		.byte	0x1
 190 0011 6F010000 		.4byte	.LASF100
 191 0015 D4000000 		.4byte	.LASF101
 192 0019 00000000 		.4byte	.Ltext0
 193 001d 00000000 		.4byte	.Letext0
 194 0021 00000000 		.4byte	.Ldebug_line0
 195 0025 02       		.uleb128 0x2
 196 0026 04       		.byte	0x4
 197 0027 07       		.byte	0x7
 198 0028 8D060000 		.4byte	.LASF0
 199 002c 02       		.uleb128 0x2
 200 002d 01       		.byte	0x1
 201 002e 06       		.byte	0x6
 202 002f 8B030000 		.4byte	.LASF1
 203 0033 02       		.uleb128 0x2
 204 0034 01       		.byte	0x1
 205 0035 08       		.byte	0x8
 206 0036 4B030000 		.4byte	.LASF2
 207 003a 02       		.uleb128 0x2
 208 003b 02       		.byte	0x2
 209 003c 05       		.byte	0x5
 210 003d 16020000 		.4byte	.LASF3
 211 0041 02       		.uleb128 0x2
 212 0042 02       		.byte	0x2
 213 0043 07       		.byte	0x7
 214 0044 33040000 		.4byte	.LASF4
 215 0048 03       		.uleb128 0x3
 216 0049 04       		.byte	0x4
 217 004a 05       		.byte	0x5
 218 004b 696E7400 		.ascii	"int\000"
 219 004f 02       		.uleb128 0x2
 220 0050 08       		.byte	0x8
 221 0051 05       		.byte	0x5
 222 0052 4A020000 		.4byte	.LASF5
 223 0056 02       		.uleb128 0x2
 224 0057 08       		.byte	0x8
 225 0058 07       		.byte	0x7
 226 0059 07010000 		.4byte	.LASF6
 227 005d 02       		.uleb128 0x2
 228 005e 04       		.byte	0x4
ARM GAS  /tmp/ccxhUhxa.s 			page 5


 229 005f 05       		.byte	0x5
 230 0060 BA020000 		.4byte	.LASF7
 231 0064 04       		.uleb128 0x4
 232 0065 33000000 		.4byte	0x33
 233 0069 74000000 		.4byte	0x74
 234 006d 05       		.uleb128 0x5
 235 006e 25000000 		.4byte	0x25
 236 0072 03       		.byte	0x3
 237 0073 00       		.byte	0
 238 0074 02       		.uleb128 0x2
 239 0075 04       		.byte	0x4
 240 0076 07       		.byte	0x7
 241 0077 2C050000 		.4byte	.LASF8
 242 007b 02       		.uleb128 0x2
 243 007c 01       		.byte	0x1
 244 007d 08       		.byte	0x8
 245 007e 5E040000 		.4byte	.LASF9
 246 0082 06       		.uleb128 0x6
 247 0083 CB050000 		.4byte	.LASF10
 248 0087 01       		.byte	0x1
 249 0088 2A       		.byte	0x2a
 250 0089 33000000 		.4byte	0x33
 251 008d 06       		.uleb128 0x6
 252 008e F9030000 		.4byte	.LASF11
 253 0092 01       		.byte	0x1
 254 0093 36       		.byte	0x36
 255 0094 41000000 		.4byte	0x41
 256 0098 07       		.uleb128 0x7
 257 0099 30000000 		.4byte	.LASF27
 258 009d 12       		.byte	0x12
 259 009e 02       		.byte	0x2
 260 009f 4501     		.2byte	0x145
 261 00a1 78010000 		.4byte	0x178
 262 00a5 08       		.uleb128 0x8
 263 00a6 70050000 		.4byte	.LASF12
 264 00aa 02       		.byte	0x2
 265 00ab 4801     		.2byte	0x148
 266 00ad 82000000 		.4byte	0x82
 267 00b1 02       		.byte	0x2
 268 00b2 23       		.byte	0x23
 269 00b3 00       		.uleb128 0
 270 00b4 08       		.uleb128 0x8
 271 00b5 25030000 		.4byte	.LASF13
 272 00b9 02       		.byte	0x2
 273 00ba 4A01     		.2byte	0x14a
 274 00bc 82000000 		.4byte	0x82
 275 00c0 02       		.byte	0x2
 276 00c1 23       		.byte	0x23
 277 00c2 01       		.uleb128 0x1
 278 00c3 08       		.uleb128 0x8
 279 00c4 E7050000 		.4byte	.LASF14
 280 00c8 02       		.byte	0x2
 281 00c9 4C01     		.2byte	0x14c
 282 00cb 8D000000 		.4byte	0x8d
 283 00cf 02       		.byte	0x2
 284 00d0 23       		.byte	0x23
 285 00d1 02       		.uleb128 0x2
ARM GAS  /tmp/ccxhUhxa.s 			page 6


 286 00d2 08       		.uleb128 0x8
 287 00d3 44060000 		.4byte	.LASF15
 288 00d7 02       		.byte	0x2
 289 00d8 4E01     		.2byte	0x14e
 290 00da 82000000 		.4byte	0x82
 291 00de 02       		.byte	0x2
 292 00df 23       		.byte	0x23
 293 00e0 04       		.uleb128 0x4
 294 00e1 08       		.uleb128 0x8
 295 00e2 B4050000 		.4byte	.LASF16
 296 00e6 02       		.byte	0x2
 297 00e7 5001     		.2byte	0x150
 298 00e9 82000000 		.4byte	0x82
 299 00ed 02       		.byte	0x2
 300 00ee 23       		.byte	0x23
 301 00ef 05       		.uleb128 0x5
 302 00f0 08       		.uleb128 0x8
 303 00f1 C9040000 		.4byte	.LASF17
 304 00f5 02       		.byte	0x2
 305 00f6 5201     		.2byte	0x152
 306 00f8 82000000 		.4byte	0x82
 307 00fc 02       		.byte	0x2
 308 00fd 23       		.byte	0x23
 309 00fe 06       		.uleb128 0x6
 310 00ff 08       		.uleb128 0x8
 311 0100 2B010000 		.4byte	.LASF18
 312 0104 02       		.byte	0x2
 313 0105 5401     		.2byte	0x154
 314 0107 82000000 		.4byte	0x82
 315 010b 02       		.byte	0x2
 316 010c 23       		.byte	0x23
 317 010d 07       		.uleb128 0x7
 318 010e 08       		.uleb128 0x8
 319 010f B1020000 		.4byte	.LASF19
 320 0113 02       		.byte	0x2
 321 0114 5601     		.2byte	0x156
 322 0116 8D000000 		.4byte	0x8d
 323 011a 02       		.byte	0x2
 324 011b 23       		.byte	0x23
 325 011c 08       		.uleb128 0x8
 326 011d 08       		.uleb128 0x8
 327 011e AA050000 		.4byte	.LASF20
 328 0122 02       		.byte	0x2
 329 0123 5801     		.2byte	0x158
 330 0125 8D000000 		.4byte	0x8d
 331 0129 02       		.byte	0x2
 332 012a 23       		.byte	0x23
 333 012b 0A       		.uleb128 0xa
 334 012c 08       		.uleb128 0x8
 335 012d EE000000 		.4byte	.LASF21
 336 0131 02       		.byte	0x2
 337 0132 5A01     		.2byte	0x15a
 338 0134 8D000000 		.4byte	0x8d
 339 0138 02       		.byte	0x2
 340 0139 23       		.byte	0x23
 341 013a 0C       		.uleb128 0xc
 342 013b 08       		.uleb128 0x8
ARM GAS  /tmp/ccxhUhxa.s 			page 7


 343 013c 9F000000 		.4byte	.LASF22
 344 0140 02       		.byte	0x2
 345 0141 5C01     		.2byte	0x15c
 346 0143 82000000 		.4byte	0x82
 347 0147 02       		.byte	0x2
 348 0148 23       		.byte	0x23
 349 0149 0E       		.uleb128 0xe
 350 014a 08       		.uleb128 0x8
 351 014b 96000000 		.4byte	.LASF23
 352 014f 02       		.byte	0x2
 353 0150 5E01     		.2byte	0x15e
 354 0152 82000000 		.4byte	0x82
 355 0156 02       		.byte	0x2
 356 0157 23       		.byte	0x23
 357 0158 0F       		.uleb128 0xf
 358 0159 08       		.uleb128 0x8
 359 015a D9040000 		.4byte	.LASF24
 360 015e 02       		.byte	0x2
 361 015f 6001     		.2byte	0x160
 362 0161 82000000 		.4byte	0x82
 363 0165 02       		.byte	0x2
 364 0166 23       		.byte	0x23
 365 0167 10       		.uleb128 0x10
 366 0168 08       		.uleb128 0x8
 367 0169 6D040000 		.4byte	.LASF25
 368 016d 02       		.byte	0x2
 369 016e 6201     		.2byte	0x162
 370 0170 82000000 		.4byte	0x82
 371 0174 02       		.byte	0x2
 372 0175 23       		.byte	0x23
 373 0176 11       		.uleb128 0x11
 374 0177 00       		.byte	0
 375 0178 09       		.uleb128 0x9
 376 0179 5B010000 		.4byte	.LASF26
 377 017d 02       		.byte	0x2
 378 017e 6401     		.2byte	0x164
 379 0180 98000000 		.4byte	0x98
 380 0184 07       		.uleb128 0x7
 381 0185 5C000000 		.4byte	.LASF28
 382 0189 0A       		.byte	0xa
 383 018a 02       		.byte	0x2
 384 018b 7C01     		.2byte	0x17c
 385 018d 19020000 		.4byte	0x219
 386 0191 08       		.uleb128 0x8
 387 0192 70050000 		.4byte	.LASF12
 388 0196 02       		.byte	0x2
 389 0197 7F01     		.2byte	0x17f
 390 0199 82000000 		.4byte	0x82
 391 019d 02       		.byte	0x2
 392 019e 23       		.byte	0x23
 393 019f 00       		.uleb128 0
 394 01a0 08       		.uleb128 0x8
 395 01a1 25030000 		.4byte	.LASF13
 396 01a5 02       		.byte	0x2
 397 01a6 8101     		.2byte	0x181
 398 01a8 82000000 		.4byte	0x82
 399 01ac 02       		.byte	0x2
ARM GAS  /tmp/ccxhUhxa.s 			page 8


 400 01ad 23       		.byte	0x23
 401 01ae 01       		.uleb128 0x1
 402 01af 08       		.uleb128 0x8
 403 01b0 E7050000 		.4byte	.LASF14
 404 01b4 02       		.byte	0x2
 405 01b5 8301     		.2byte	0x183
 406 01b7 8D000000 		.4byte	0x8d
 407 01bb 02       		.byte	0x2
 408 01bc 23       		.byte	0x23
 409 01bd 02       		.uleb128 0x2
 410 01be 08       		.uleb128 0x8
 411 01bf 44060000 		.4byte	.LASF15
 412 01c3 02       		.byte	0x2
 413 01c4 8501     		.2byte	0x185
 414 01c6 82000000 		.4byte	0x82
 415 01ca 02       		.byte	0x2
 416 01cb 23       		.byte	0x23
 417 01cc 04       		.uleb128 0x4
 418 01cd 08       		.uleb128 0x8
 419 01ce B4050000 		.4byte	.LASF16
 420 01d2 02       		.byte	0x2
 421 01d3 8701     		.2byte	0x187
 422 01d5 82000000 		.4byte	0x82
 423 01d9 02       		.byte	0x2
 424 01da 23       		.byte	0x23
 425 01db 05       		.uleb128 0x5
 426 01dc 08       		.uleb128 0x8
 427 01dd C9040000 		.4byte	.LASF17
 428 01e1 02       		.byte	0x2
 429 01e2 8901     		.2byte	0x189
 430 01e4 82000000 		.4byte	0x82
 431 01e8 02       		.byte	0x2
 432 01e9 23       		.byte	0x23
 433 01ea 06       		.uleb128 0x6
 434 01eb 08       		.uleb128 0x8
 435 01ec 2B010000 		.4byte	.LASF18
 436 01f0 02       		.byte	0x2
 437 01f1 8B01     		.2byte	0x18b
 438 01f3 82000000 		.4byte	0x82
 439 01f7 02       		.byte	0x2
 440 01f8 23       		.byte	0x23
 441 01f9 07       		.uleb128 0x7
 442 01fa 08       		.uleb128 0x8
 443 01fb 6D040000 		.4byte	.LASF25
 444 01ff 02       		.byte	0x2
 445 0200 8D01     		.2byte	0x18d
 446 0202 82000000 		.4byte	0x82
 447 0206 02       		.byte	0x2
 448 0207 23       		.byte	0x23
 449 0208 08       		.uleb128 0x8
 450 0209 08       		.uleb128 0x8
 451 020a 59030000 		.4byte	.LASF29
 452 020e 02       		.byte	0x2
 453 020f 8F01     		.2byte	0x18f
 454 0211 82000000 		.4byte	0x82
 455 0215 02       		.byte	0x2
 456 0216 23       		.byte	0x23
ARM GAS  /tmp/ccxhUhxa.s 			page 9


 457 0217 09       		.uleb128 0x9
 458 0218 00       		.byte	0
 459 0219 09       		.uleb128 0x9
 460 021a 20020000 		.4byte	.LASF30
 461 021e 02       		.byte	0x2
 462 021f 9101     		.2byte	0x191
 463 0221 84010000 		.4byte	0x184
 464 0225 07       		.uleb128 0x7
 465 0226 51060000 		.4byte	.LASF31
 466 022a 09       		.byte	0x9
 467 022b 02       		.byte	0x2
 468 022c 9701     		.2byte	0x197
 469 022e AB020000 		.4byte	0x2ab
 470 0232 08       		.uleb128 0x8
 471 0233 70050000 		.4byte	.LASF12
 472 0237 02       		.byte	0x2
 473 0238 9A01     		.2byte	0x19a
 474 023a 82000000 		.4byte	0x82
 475 023e 02       		.byte	0x2
 476 023f 23       		.byte	0x23
 477 0240 00       		.uleb128 0
 478 0241 08       		.uleb128 0x8
 479 0242 25030000 		.4byte	.LASF13
 480 0246 02       		.byte	0x2
 481 0247 9D01     		.2byte	0x19d
 482 0249 82000000 		.4byte	0x82
 483 024d 02       		.byte	0x2
 484 024e 23       		.byte	0x23
 485 024f 01       		.uleb128 0x1
 486 0250 08       		.uleb128 0x8
 487 0251 1E010000 		.4byte	.LASF32
 488 0255 02       		.byte	0x2
 489 0256 A001     		.2byte	0x1a0
 490 0258 8D000000 		.4byte	0x8d
 491 025c 02       		.byte	0x2
 492 025d 23       		.byte	0x23
 493 025e 02       		.uleb128 0x2
 494 025f 08       		.uleb128 0x8
 495 0260 F8000000 		.4byte	.LASF33
 496 0264 02       		.byte	0x2
 497 0265 A201     		.2byte	0x1a2
 498 0267 82000000 		.4byte	0x82
 499 026b 02       		.byte	0x2
 500 026c 23       		.byte	0x23
 501 026d 04       		.uleb128 0x4
 502 026e 08       		.uleb128 0x8
 503 026f 22060000 		.4byte	.LASF34
 504 0273 02       		.byte	0x2
 505 0274 A401     		.2byte	0x1a4
 506 0276 82000000 		.4byte	0x82
 507 027a 02       		.byte	0x2
 508 027b 23       		.byte	0x23
 509 027c 05       		.uleb128 0x5
 510 027d 08       		.uleb128 0x8
 511 027e 4C010000 		.4byte	.LASF35
 512 0282 02       		.byte	0x2
 513 0283 A601     		.2byte	0x1a6
ARM GAS  /tmp/ccxhUhxa.s 			page 10


 514 0285 82000000 		.4byte	0x82
 515 0289 02       		.byte	0x2
 516 028a 23       		.byte	0x23
 517 028b 06       		.uleb128 0x6
 518 028c 08       		.uleb128 0x8
 519 028d 3D020000 		.4byte	.LASF36
 520 0291 02       		.byte	0x2
 521 0292 A801     		.2byte	0x1a8
 522 0294 82000000 		.4byte	0x82
 523 0298 02       		.byte	0x2
 524 0299 23       		.byte	0x23
 525 029a 07       		.uleb128 0x7
 526 029b 08       		.uleb128 0x8
 527 029c EE050000 		.4byte	.LASF37
 528 02a0 02       		.byte	0x2
 529 02a1 AA01     		.2byte	0x1aa
 530 02a3 82000000 		.4byte	0x82
 531 02a7 02       		.byte	0x2
 532 02a8 23       		.byte	0x23
 533 02a9 08       		.uleb128 0x8
 534 02aa 00       		.byte	0
 535 02ab 09       		.uleb128 0x9
 536 02ac A7030000 		.4byte	.LASF38
 537 02b0 02       		.byte	0x2
 538 02b1 AC01     		.2byte	0x1ac
 539 02b3 25020000 		.4byte	0x225
 540 02b7 07       		.uleb128 0x7
 541 02b8 46040000 		.4byte	.LASF39
 542 02bc 09       		.byte	0x9
 543 02bd 02       		.byte	0x2
 544 02be C201     		.2byte	0x1c2
 545 02c0 4C030000 		.4byte	0x34c
 546 02c4 08       		.uleb128 0x8
 547 02c5 70050000 		.4byte	.LASF12
 548 02c9 02       		.byte	0x2
 549 02ca C501     		.2byte	0x1c5
 550 02cc 82000000 		.4byte	0x82
 551 02d0 02       		.byte	0x2
 552 02d1 23       		.byte	0x23
 553 02d2 00       		.uleb128 0
 554 02d3 08       		.uleb128 0x8
 555 02d4 25030000 		.4byte	.LASF13
 556 02d8 02       		.byte	0x2
 557 02d9 C701     		.2byte	0x1c7
 558 02db 82000000 		.4byte	0x82
 559 02df 02       		.byte	0x2
 560 02e0 23       		.byte	0x23
 561 02e1 01       		.uleb128 0x1
 562 02e2 08       		.uleb128 0x8
 563 02e3 7A030000 		.4byte	.LASF40
 564 02e7 02       		.byte	0x2
 565 02e8 C901     		.2byte	0x1c9
 566 02ea 82000000 		.4byte	0x82
 567 02ee 02       		.byte	0x2
 568 02ef 23       		.byte	0x23
 569 02f0 02       		.uleb128 0x2
 570 02f1 08       		.uleb128 0x8
ARM GAS  /tmp/ccxhUhxa.s 			page 11


 571 02f2 B7040000 		.4byte	.LASF41
 572 02f6 02       		.byte	0x2
 573 02f7 CB01     		.2byte	0x1cb
 574 02f9 82000000 		.4byte	0x82
 575 02fd 02       		.byte	0x2
 576 02fe 23       		.byte	0x23
 577 02ff 03       		.uleb128 0x3
 578 0300 08       		.uleb128 0x8
 579 0301 DD030000 		.4byte	.LASF42
 580 0305 02       		.byte	0x2
 581 0306 CD01     		.2byte	0x1cd
 582 0308 82000000 		.4byte	0x82
 583 030c 02       		.byte	0x2
 584 030d 23       		.byte	0x23
 585 030e 04       		.uleb128 0x4
 586 030f 08       		.uleb128 0x8
 587 0310 A7040000 		.4byte	.LASF43
 588 0314 02       		.byte	0x2
 589 0315 CF01     		.2byte	0x1cf
 590 0317 82000000 		.4byte	0x82
 591 031b 02       		.byte	0x2
 592 031c 23       		.byte	0x23
 593 031d 05       		.uleb128 0x5
 594 031e 08       		.uleb128 0x8
 595 031f BF060000 		.4byte	.LASF44
 596 0323 02       		.byte	0x2
 597 0324 D101     		.2byte	0x1d1
 598 0326 82000000 		.4byte	0x82
 599 032a 02       		.byte	0x2
 600 032b 23       		.byte	0x23
 601 032c 06       		.uleb128 0x6
 602 032d 08       		.uleb128 0x8
 603 032e 7A060000 		.4byte	.LASF45
 604 0332 02       		.byte	0x2
 605 0333 D301     		.2byte	0x1d3
 606 0335 82000000 		.4byte	0x82
 607 0339 02       		.byte	0x2
 608 033a 23       		.byte	0x23
 609 033b 07       		.uleb128 0x7
 610 033c 08       		.uleb128 0x8
 611 033d 11040000 		.4byte	.LASF46
 612 0341 02       		.byte	0x2
 613 0342 D501     		.2byte	0x1d5
 614 0344 82000000 		.4byte	0x82
 615 0348 02       		.byte	0x2
 616 0349 23       		.byte	0x23
 617 034a 08       		.uleb128 0x8
 618 034b 00       		.byte	0
 619 034c 09       		.uleb128 0x9
 620 034d 45000000 		.4byte	.LASF47
 621 0351 02       		.byte	0x2
 622 0352 D701     		.2byte	0x1d7
 623 0354 B7020000 		.4byte	0x2b7
 624 0358 07       		.uleb128 0x7
 625 0359 63030000 		.4byte	.LASF48
 626 035d 07       		.byte	0x7
 627 035e 02       		.byte	0x2
ARM GAS  /tmp/ccxhUhxa.s 			page 12


 628 035f DD01     		.2byte	0x1dd
 629 0361 C0030000 		.4byte	0x3c0
 630 0365 08       		.uleb128 0x8
 631 0366 70050000 		.4byte	.LASF12
 632 036a 02       		.byte	0x2
 633 036b E001     		.2byte	0x1e0
 634 036d 82000000 		.4byte	0x82
 635 0371 02       		.byte	0x2
 636 0372 23       		.byte	0x23
 637 0373 00       		.uleb128 0
 638 0374 08       		.uleb128 0x8
 639 0375 25030000 		.4byte	.LASF13
 640 0379 02       		.byte	0x2
 641 037a E201     		.2byte	0x1e2
 642 037c 82000000 		.4byte	0x82
 643 0380 02       		.byte	0x2
 644 0381 23       		.byte	0x23
 645 0382 01       		.uleb128 0x1
 646 0383 08       		.uleb128 0x8
 647 0384 9A060000 		.4byte	.LASF49
 648 0388 02       		.byte	0x2
 649 0389 E401     		.2byte	0x1e4
 650 038b 82000000 		.4byte	0x82
 651 038f 02       		.byte	0x2
 652 0390 23       		.byte	0x23
 653 0391 02       		.uleb128 0x2
 654 0392 08       		.uleb128 0x8
 655 0393 3D020000 		.4byte	.LASF36
 656 0397 02       		.byte	0x2
 657 0398 E701     		.2byte	0x1e7
 658 039a 82000000 		.4byte	0x82
 659 039e 02       		.byte	0x2
 660 039f 23       		.byte	0x23
 661 03a0 03       		.uleb128 0x3
 662 03a1 08       		.uleb128 0x8
 663 03a2 7A000000 		.4byte	.LASF50
 664 03a6 02       		.byte	0x2
 665 03a7 E901     		.2byte	0x1e9
 666 03a9 8D000000 		.4byte	0x8d
 667 03ad 02       		.byte	0x2
 668 03ae 23       		.byte	0x23
 669 03af 04       		.uleb128 0x4
 670 03b0 08       		.uleb128 0x8
 671 03b1 CD010000 		.4byte	.LASF51
 672 03b5 02       		.byte	0x2
 673 03b6 EB01     		.2byte	0x1eb
 674 03b8 82000000 		.4byte	0x82
 675 03bc 02       		.byte	0x2
 676 03bd 23       		.byte	0x23
 677 03be 06       		.uleb128 0x6
 678 03bf 00       		.byte	0
 679 03c0 09       		.uleb128 0x9
 680 03c1 58020000 		.4byte	.LASF52
 681 03c5 02       		.byte	0x2
 682 03c6 ED01     		.2byte	0x1ed
 683 03c8 58030000 		.4byte	0x358
 684 03cc 0A       		.uleb128 0xa
ARM GAS  /tmp/ccxhUhxa.s 			page 13


 685 03cd 1C040000 		.4byte	.LASF53
 686 03d1 28       		.byte	0x28
 687 03d2 03       		.byte	0x3
 688 03d3 4F       		.byte	0x4f
 689 03d4 65040000 		.4byte	0x465
 690 03d8 0B       		.uleb128 0xb
 691 03d9 0C020000 		.4byte	.LASF54
 692 03dd 03       		.byte	0x3
 693 03de 52       		.byte	0x52
 694 03df 65040000 		.4byte	0x465
 695 03e3 02       		.byte	0x2
 696 03e4 23       		.byte	0x23
 697 03e5 00       		.uleb128 0
 698 03e6 0B       		.uleb128 0xb
 699 03e7 3B010000 		.4byte	.LASF55
 700 03eb 03       		.byte	0x3
 701 03ec 54       		.byte	0x54
 702 03ed 70040000 		.4byte	0x470
 703 03f1 02       		.byte	0x2
 704 03f2 23       		.byte	0x23
 705 03f3 04       		.uleb128 0x4
 706 03f4 0B       		.uleb128 0xb
 707 03f5 89000000 		.4byte	.LASF56
 708 03f9 03       		.byte	0x3
 709 03fa 56       		.byte	0x56
 710 03fb 7B040000 		.4byte	0x47b
 711 03ff 02       		.byte	0x2
 712 0400 23       		.byte	0x23
 713 0401 08       		.uleb128 0x8
 714 0402 0B       		.uleb128 0xb
 715 0403 4F050000 		.4byte	.LASF57
 716 0407 03       		.byte	0x3
 717 0408 58       		.byte	0x58
 718 0409 70040000 		.4byte	0x470
 719 040d 02       		.byte	0x2
 720 040e 23       		.byte	0x23
 721 040f 0C       		.uleb128 0xc
 722 0410 0B       		.uleb128 0xb
 723 0411 63040000 		.4byte	.LASF58
 724 0415 03       		.byte	0x3
 725 0416 5A       		.byte	0x5a
 726 0417 65040000 		.4byte	0x465
 727 041b 02       		.byte	0x2
 728 041c 23       		.byte	0x23
 729 041d 10       		.uleb128 0x10
 730 041e 0B       		.uleb128 0xb
 731 041f A9010000 		.4byte	.LASF59
 732 0423 03       		.byte	0x3
 733 0424 5C       		.byte	0x5c
 734 0425 70040000 		.4byte	0x470
 735 0429 02       		.byte	0x2
 736 042a 23       		.byte	0x23
 737 042b 14       		.uleb128 0x14
 738 042c 0B       		.uleb128 0xb
 739 042d C3020000 		.4byte	.LASF60
 740 0431 03       		.byte	0x3
 741 0432 5E       		.byte	0x5e
ARM GAS  /tmp/ccxhUhxa.s 			page 14


 742 0433 7B040000 		.4byte	0x47b
 743 0437 02       		.byte	0x2
 744 0438 23       		.byte	0x23
 745 0439 18       		.uleb128 0x18
 746 043a 0B       		.uleb128 0xb
 747 043b 6E020000 		.4byte	.LASF61
 748 043f 03       		.byte	0x3
 749 0440 60       		.byte	0x60
 750 0441 70040000 		.4byte	0x470
 751 0445 02       		.byte	0x2
 752 0446 23       		.byte	0x23
 753 0447 1C       		.uleb128 0x1c
 754 0448 0B       		.uleb128 0xb
 755 0449 78050000 		.4byte	.LASF62
 756 044d 03       		.byte	0x3
 757 044e 62       		.byte	0x62
 758 044f 86040000 		.4byte	0x486
 759 0453 02       		.byte	0x2
 760 0454 23       		.byte	0x23
 761 0455 20       		.uleb128 0x20
 762 0456 0B       		.uleb128 0xb
 763 0457 01050000 		.4byte	.LASF63
 764 045b 03       		.byte	0x3
 765 045c 64       		.byte	0x64
 766 045d 82000000 		.4byte	0x82
 767 0461 02       		.byte	0x2
 768 0462 23       		.byte	0x23
 769 0463 24       		.uleb128 0x24
 770 0464 00       		.byte	0
 771 0465 0C       		.uleb128 0xc
 772 0466 04       		.byte	0x4
 773 0467 6B040000 		.4byte	0x46b
 774 046b 0D       		.uleb128 0xd
 775 046c 78010000 		.4byte	0x178
 776 0470 0C       		.uleb128 0xc
 777 0471 04       		.byte	0x4
 778 0472 76040000 		.4byte	0x476
 779 0476 0D       		.uleb128 0xd
 780 0477 AB020000 		.4byte	0x2ab
 781 047b 0C       		.uleb128 0xc
 782 047c 04       		.byte	0x4
 783 047d 81040000 		.4byte	0x481
 784 0481 0D       		.uleb128 0xd
 785 0482 19020000 		.4byte	0x219
 786 0486 0C       		.uleb128 0xc
 787 0487 04       		.byte	0x4
 788 0488 8C040000 		.4byte	0x48c
 789 048c 0C       		.uleb128 0xc
 790 048d 04       		.byte	0x4
 791 048e 92040000 		.4byte	0x492
 792 0492 0D       		.uleb128 0xd
 793 0493 82000000 		.4byte	0x82
 794 0497 06       		.uleb128 0x6
 795 0498 35030000 		.4byte	.LASF64
 796 049c 03       		.byte	0x3
 797 049d 66       		.byte	0x66
 798 049e CC030000 		.4byte	0x3cc
ARM GAS  /tmp/ccxhUhxa.s 			page 15


 799 04a2 0D       		.uleb128 0xd
 800 04a3 97040000 		.4byte	0x497
 801 04a7 0A       		.uleb128 0xa
 802 04a8 D7010000 		.4byte	.LASF65
 803 04ac 05       		.byte	0x5
 804 04ad 04       		.byte	0x4
 805 04ae BE       		.byte	0xbe
 806 04af EC040000 		.4byte	0x4ec
 807 04b3 0B       		.uleb128 0xb
 808 04b4 97030000 		.4byte	.LASF66
 809 04b8 04       		.byte	0x4
 810 04b9 C1       		.byte	0xc1
 811 04ba 82000000 		.4byte	0x82
 812 04be 02       		.byte	0x2
 813 04bf 23       		.byte	0x23
 814 04c0 00       		.uleb128 0
 815 04c1 0B       		.uleb128 0xb
 816 04c2 25030000 		.4byte	.LASF13
 817 04c6 04       		.byte	0x4
 818 04c7 C3       		.byte	0xc3
 819 04c8 82000000 		.4byte	0x82
 820 04cc 02       		.byte	0x2
 821 04cd 23       		.byte	0x23
 822 04ce 01       		.uleb128 0x1
 823 04cf 0B       		.uleb128 0xb
 824 04d0 5D050000 		.4byte	.LASF67
 825 04d4 04       		.byte	0x4
 826 04d5 C5       		.byte	0xc5
 827 04d6 82000000 		.4byte	0x82
 828 04da 02       		.byte	0x2
 829 04db 23       		.byte	0x23
 830 04dc 02       		.uleb128 0x2
 831 04dd 0B       		.uleb128 0xb
 832 04de AB060000 		.4byte	.LASF68
 833 04e2 04       		.byte	0x4
 834 04e3 C7       		.byte	0xc7
 835 04e4 8D000000 		.4byte	0x8d
 836 04e8 02       		.byte	0x2
 837 04e9 23       		.byte	0x23
 838 04ea 03       		.uleb128 0x3
 839 04eb 00       		.byte	0
 840 04ec 06       		.uleb128 0x6
 841 04ed F8020000 		.4byte	.LASF69
 842 04f1 04       		.byte	0x4
 843 04f2 C9       		.byte	0xc9
 844 04f3 A7040000 		.4byte	0x4a7
 845 04f7 0A       		.uleb128 0xa
 846 04f8 D3050000 		.4byte	.LASF70
 847 04fc 05       		.byte	0x5
 848 04fd 04       		.byte	0x4
 849 04fe D0       		.byte	0xd0
 850 04ff 4A050000 		.4byte	0x54a
 851 0503 0B       		.uleb128 0xb
 852 0504 97030000 		.4byte	.LASF66
 853 0508 04       		.byte	0x4
 854 0509 D3       		.byte	0xd3
 855 050a 82000000 		.4byte	0x82
ARM GAS  /tmp/ccxhUhxa.s 			page 16


 856 050e 02       		.byte	0x2
 857 050f 23       		.byte	0x23
 858 0510 00       		.uleb128 0
 859 0511 0B       		.uleb128 0xb
 860 0512 25030000 		.4byte	.LASF13
 861 0516 04       		.byte	0x4
 862 0517 D5       		.byte	0xd5
 863 0518 82000000 		.4byte	0x82
 864 051c 02       		.byte	0x2
 865 051d 23       		.byte	0x23
 866 051e 01       		.uleb128 0x1
 867 051f 0B       		.uleb128 0xb
 868 0520 5D050000 		.4byte	.LASF67
 869 0524 04       		.byte	0x4
 870 0525 D7       		.byte	0xd7
 871 0526 82000000 		.4byte	0x82
 872 052a 02       		.byte	0x2
 873 052b 23       		.byte	0x23
 874 052c 02       		.uleb128 0x2
 875 052d 0B       		.uleb128 0xb
 876 052e 3E050000 		.4byte	.LASF71
 877 0532 04       		.byte	0x4
 878 0533 D9       		.byte	0xd9
 879 0534 82000000 		.4byte	0x82
 880 0538 02       		.byte	0x2
 881 0539 23       		.byte	0x23
 882 053a 03       		.uleb128 0x3
 883 053b 0B       		.uleb128 0xb
 884 053c FB010000 		.4byte	.LASF72
 885 0540 04       		.byte	0x4
 886 0541 DB       		.byte	0xdb
 887 0542 82000000 		.4byte	0x82
 888 0546 02       		.byte	0x2
 889 0547 23       		.byte	0x23
 890 0548 04       		.uleb128 0x4
 891 0549 00       		.byte	0
 892 054a 06       		.uleb128 0x6
 893 054b BA010000 		.4byte	.LASF73
 894 054f 04       		.byte	0x4
 895 0550 DD       		.byte	0xdd
 896 0551 F7040000 		.4byte	0x4f7
 897 0555 0A       		.uleb128 0xa
 898 0556 94020000 		.4byte	.LASF74
 899 055a 05       		.byte	0x5
 900 055b 04       		.byte	0x4
 901 055c E4       		.byte	0xe4
 902 055d A8050000 		.4byte	0x5a8
 903 0561 0B       		.uleb128 0xb
 904 0562 97030000 		.4byte	.LASF66
 905 0566 04       		.byte	0x4
 906 0567 E7       		.byte	0xe7
 907 0568 82000000 		.4byte	0x82
 908 056c 02       		.byte	0x2
 909 056d 23       		.byte	0x23
 910 056e 00       		.uleb128 0
 911 056f 0B       		.uleb128 0xb
 912 0570 25030000 		.4byte	.LASF13
ARM GAS  /tmp/ccxhUhxa.s 			page 17


 913 0574 04       		.byte	0x4
 914 0575 E9       		.byte	0xe9
 915 0576 82000000 		.4byte	0x82
 916 057a 02       		.byte	0x2
 917 057b 23       		.byte	0x23
 918 057c 01       		.uleb128 0x1
 919 057d 0B       		.uleb128 0xb
 920 057e 5D050000 		.4byte	.LASF67
 921 0582 04       		.byte	0x4
 922 0583 EB       		.byte	0xeb
 923 0584 82000000 		.4byte	0x82
 924 0588 02       		.byte	0x2
 925 0589 23       		.byte	0x23
 926 058a 02       		.uleb128 0x2
 927 058b 0B       		.uleb128 0xb
 928 058c 02040000 		.4byte	.LASF75
 929 0590 04       		.byte	0x4
 930 0591 EE       		.byte	0xee
 931 0592 82000000 		.4byte	0x82
 932 0596 02       		.byte	0x2
 933 0597 23       		.byte	0x23
 934 0598 03       		.uleb128 0x3
 935 0599 0B       		.uleb128 0xb
 936 059a 1D050000 		.4byte	.LASF76
 937 059e 04       		.byte	0x4
 938 059f F1       		.byte	0xf1
 939 05a0 82000000 		.4byte	0x82
 940 05a4 02       		.byte	0x2
 941 05a5 23       		.byte	0x23
 942 05a6 04       		.uleb128 0x4
 943 05a7 00       		.byte	0
 944 05a8 06       		.uleb128 0x6
 945 05a9 8D010000 		.4byte	.LASF77
 946 05ad 04       		.byte	0x4
 947 05ae F3       		.byte	0xf3
 948 05af 55050000 		.4byte	0x555
 949 05b3 0A       		.uleb128 0xa
 950 05b4 D0020000 		.4byte	.LASF78
 951 05b8 04       		.byte	0x4
 952 05b9 04       		.byte	0x4
 953 05ba FA       		.byte	0xfa
 954 05bb FA050000 		.4byte	0x5fa
 955 05bf 0B       		.uleb128 0xb
 956 05c0 97030000 		.4byte	.LASF66
 957 05c4 04       		.byte	0x4
 958 05c5 FD       		.byte	0xfd
 959 05c6 82000000 		.4byte	0x82
 960 05ca 02       		.byte	0x2
 961 05cb 23       		.byte	0x23
 962 05cc 00       		.uleb128 0
 963 05cd 0B       		.uleb128 0xb
 964 05ce 25030000 		.4byte	.LASF13
 965 05d2 04       		.byte	0x4
 966 05d3 FF       		.byte	0xff
 967 05d4 82000000 		.4byte	0x82
 968 05d8 02       		.byte	0x2
 969 05d9 23       		.byte	0x23
ARM GAS  /tmp/ccxhUhxa.s 			page 18


 970 05da 01       		.uleb128 0x1
 971 05db 08       		.uleb128 0x8
 972 05dc 5D050000 		.4byte	.LASF67
 973 05e0 04       		.byte	0x4
 974 05e1 0101     		.2byte	0x101
 975 05e3 82000000 		.4byte	0x82
 976 05e7 02       		.byte	0x2
 977 05e8 23       		.byte	0x23
 978 05e9 02       		.uleb128 0x2
 979 05ea 08       		.uleb128 0x8
 980 05eb 02040000 		.4byte	.LASF75
 981 05ef 04       		.byte	0x4
 982 05f0 0401     		.2byte	0x104
 983 05f2 82000000 		.4byte	0x82
 984 05f6 02       		.byte	0x2
 985 05f7 23       		.byte	0x23
 986 05f8 03       		.uleb128 0x3
 987 05f9 00       		.byte	0
 988 05fa 09       		.uleb128 0x9
 989 05fb AD000000 		.4byte	.LASF79
 990 05ff 04       		.byte	0x4
 991 0600 0601     		.2byte	0x106
 992 0602 B3050000 		.4byte	0x5b3
 993 0606 0A       		.uleb128 0xa
 994 0607 F8050000 		.4byte	.LASF80
 995 060b 43       		.byte	0x43
 996 060c 05       		.byte	0x5
 997 060d 5D       		.byte	0x5d
 998 060e 9F060000 		.4byte	0x69f
 999 0612 0B       		.uleb128 0xb
 1000 0613 EB030000 		.4byte	.LASF81
 1001 0617 05       		.byte	0x5
 1002 0618 60       		.byte	0x60
 1003 0619 AB020000 		.4byte	0x2ab
 1004 061d 02       		.byte	0x2
 1005 061e 23       		.byte	0x23
 1006 061f 00       		.uleb128 0
 1007 0620 0B       		.uleb128 0xb
 1008 0621 36060000 		.4byte	.LASF82
 1009 0625 05       		.byte	0x5
 1010 0626 62       		.byte	0x62
 1011 0627 4C030000 		.4byte	0x34c
 1012 062b 02       		.byte	0x2
 1013 062c 23       		.byte	0x23
 1014 062d 09       		.uleb128 0x9
 1015 062e 0B       		.uleb128 0xb
 1016 062f 00000000 		.4byte	.LASF83
 1017 0633 05       		.byte	0x5
 1018 0634 64       		.byte	0x64
 1019 0635 EC040000 		.4byte	0x4ec
 1020 0639 02       		.byte	0x2
 1021 063a 23       		.byte	0x23
 1022 063b 12       		.uleb128 0x12
 1023 063c 0B       		.uleb128 0xb
 1024 063d EC010000 		.4byte	.LASF84
 1025 0641 05       		.byte	0x5
 1026 0642 66       		.byte	0x66
ARM GAS  /tmp/ccxhUhxa.s 			page 19


 1027 0643 A8050000 		.4byte	0x5a8
 1028 0647 02       		.byte	0x2
 1029 0648 23       		.byte	0x23
 1030 0649 17       		.uleb128 0x17
 1031 064a 0B       		.uleb128 0xb
 1032 064b E7040000 		.4byte	.LASF85
 1033 064f 05       		.byte	0x5
 1034 0650 68       		.byte	0x68
 1035 0651 FA050000 		.4byte	0x5fa
 1036 0655 02       		.byte	0x2
 1037 0656 23       		.byte	0x23
 1038 0657 1C       		.uleb128 0x1c
 1039 0658 0B       		.uleb128 0xb
 1040 0659 C4050000 		.4byte	.LASF86
 1041 065d 05       		.byte	0x5
 1042 065e 6A       		.byte	0x6a
 1043 065f 4A050000 		.4byte	0x54a
 1044 0663 02       		.byte	0x2
 1045 0664 23       		.byte	0x23
 1046 0665 20       		.uleb128 0x20
 1047 0666 0B       		.uleb128 0xb
 1048 0667 07000000 		.4byte	.LASF87
 1049 066b 05       		.byte	0x5
 1050 066c 6C       		.byte	0x6c
 1051 066d C0030000 		.4byte	0x3c0
 1052 0671 02       		.byte	0x2
 1053 0672 23       		.byte	0x23
 1054 0673 25       		.uleb128 0x25
 1055 0674 0B       		.uleb128 0xb
 1056 0675 B2060000 		.4byte	.LASF88
 1057 0679 05       		.byte	0x5
 1058 067a 6E       		.byte	0x6e
 1059 067b 4C030000 		.4byte	0x34c
 1060 067f 02       		.byte	0x2
 1061 0680 23       		.byte	0x23
 1062 0681 2C       		.uleb128 0x2c
 1063 0682 0B       		.uleb128 0xb
 1064 0683 B7060000 		.4byte	.LASF89
 1065 0687 05       		.byte	0x5
 1066 0688 70       		.byte	0x70
 1067 0689 C0030000 		.4byte	0x3c0
 1068 068d 02       		.byte	0x2
 1069 068e 23       		.byte	0x23
 1070 068f 35       		.uleb128 0x35
 1071 0690 0B       		.uleb128 0xb
 1072 0691 0C030000 		.4byte	.LASF90
 1073 0695 05       		.byte	0x5
 1074 0696 72       		.byte	0x72
 1075 0697 C0030000 		.4byte	0x3c0
 1076 069b 02       		.byte	0x2
 1077 069c 23       		.byte	0x23
 1078 069d 3C       		.uleb128 0x3c
 1079 069e 00       		.byte	0
 1080 069f 06       		.uleb128 0x6
 1081 06a0 81050000 		.4byte	.LASF91
 1082 06a4 05       		.byte	0x5
 1083 06a5 74       		.byte	0x74
ARM GAS  /tmp/ccxhUhxa.s 			page 20


 1084 06a6 06060000 		.4byte	0x606
 1085 06aa 0E       		.uleb128 0xe
 1086 06ab 6D060000 		.4byte	.LASF92
 1087 06af 06       		.byte	0x6
 1088 06b0 CE06     		.2byte	0x6ce
 1089 06b2 B8060000 		.4byte	0x6b8
 1090 06b6 01       		.byte	0x1
 1091 06b7 01       		.byte	0x1
 1092 06b8 0F       		.uleb128 0xf
 1093 06b9 48000000 		.4byte	0x48
 1094 06bd 10       		.uleb128 0x10
 1095 06be 0C050000 		.4byte	.LASF93
 1096 06c2 07       		.byte	0x7
 1097 06c3 4D       		.byte	0x4d
 1098 06c4 6B040000 		.4byte	0x46b
 1099 06c8 01       		.byte	0x1
 1100 06c9 01       		.byte	0x1
 1101 06ca 10       		.uleb128 0x10
 1102 06cb C2030000 		.4byte	.LASF94
 1103 06cf 07       		.byte	0x7
 1104 06d0 60       		.byte	0x60
 1105 06d1 D7060000 		.4byte	0x6d7
 1106 06d5 01       		.byte	0x1
 1107 06d6 01       		.byte	0x1
 1108 06d7 0D       		.uleb128 0xd
 1109 06d8 9F060000 		.4byte	0x69f
 1110 06dc 10       		.uleb128 0x10
 1111 06dd 80040000 		.4byte	.LASF95
 1112 06e1 07       		.byte	0x7
 1113 06e2 C7       		.byte	0xc7
 1114 06e3 E9060000 		.4byte	0x6e9
 1115 06e7 01       		.byte	0x1
 1116 06e8 01       		.byte	0x1
 1117 06e9 0D       		.uleb128 0xd
 1118 06ea 64000000 		.4byte	0x64
 1119 06ee 04       		.uleb128 0x4
 1120 06ef 33000000 		.4byte	0x33
 1121 06f3 FE060000 		.4byte	0x6fe
 1122 06f7 05       		.uleb128 0x5
 1123 06f8 25000000 		.4byte	0x25
 1124 06fc 1B       		.byte	0x1b
 1125 06fd 00       		.byte	0
 1126 06fe 10       		.uleb128 0x10
 1127 06ff 7C020000 		.4byte	.LASF96
 1128 0703 07       		.byte	0x7
 1129 0704 CF       		.byte	0xcf
 1130 0705 0B070000 		.4byte	0x70b
 1131 0709 01       		.byte	0x1
 1132 070a 01       		.byte	0x1
 1133 070b 0D       		.uleb128 0xd
 1134 070c EE060000 		.4byte	0x6ee
 1135 0710 04       		.uleb128 0x4
 1136 0711 20070000 		.4byte	0x720
 1137 0715 20070000 		.4byte	0x720
 1138 0719 05       		.uleb128 0x5
 1139 071a 25000000 		.4byte	0x25
 1140 071e 01       		.byte	0x1
ARM GAS  /tmp/ccxhUhxa.s 			page 21


 1141 071f 00       		.byte	0
 1142 0720 0C       		.uleb128 0xc
 1143 0721 04       		.byte	0x4
 1144 0722 26070000 		.4byte	0x726
 1145 0726 0D       		.uleb128 0xd
 1146 0727 33000000 		.4byte	0x33
 1147 072b 10       		.uleb128 0x10
 1148 072c 13030000 		.4byte	.LASF97
 1149 0730 07       		.byte	0x7
 1150 0731 E3       		.byte	0xe3
 1151 0732 10070000 		.4byte	0x710
 1152 0736 01       		.byte	0x1
 1153 0737 01       		.byte	0x1
 1154 0738 0E       		.uleb128 0xe
 1155 0739 6D060000 		.4byte	.LASF92
 1156 073d 06       		.byte	0x6
 1157 073e CE06     		.2byte	0x6ce
 1158 0740 B8060000 		.4byte	0x6b8
 1159 0744 01       		.byte	0x1
 1160 0745 01       		.byte	0x1
 1161 0746 11       		.uleb128 0x11
 1162 0747 0C050000 		.4byte	.LASF93
 1163 074b 07       		.byte	0x7
 1164 074c 4D       		.byte	0x4d
 1165 074d 6B040000 		.4byte	0x46b
 1166 0751 01       		.byte	0x1
 1167 0752 05       		.byte	0x5
 1168 0753 03       		.byte	0x3
 1169 0754 00000000 		.4byte	deviceDescriptor
 1170 0758 11       		.uleb128 0x11
 1171 0759 C2030000 		.4byte	.LASF94
 1172 075d 07       		.byte	0x7
 1173 075e 60       		.byte	0x60
 1174 075f D7060000 		.4byte	0x6d7
 1175 0763 01       		.byte	0x1
 1176 0764 05       		.byte	0x5
 1177 0765 03       		.byte	0x3
 1178 0766 00000000 		.4byte	configurationDescriptorsFS
 1179 076a 11       		.uleb128 0x11
 1180 076b 80040000 		.4byte	.LASF95
 1181 076f 07       		.byte	0x7
 1182 0770 C7       		.byte	0xc7
 1183 0771 7C070000 		.4byte	0x77c
 1184 0775 01       		.byte	0x1
 1185 0776 05       		.byte	0x5
 1186 0777 03       		.byte	0x3
 1187 0778 00000000 		.4byte	languageIdStringDescriptor
 1188 077c 0D       		.uleb128 0xd
 1189 077d 64000000 		.4byte	0x64
 1190 0781 11       		.uleb128 0x11
 1191 0782 7C020000 		.4byte	.LASF96
 1192 0786 07       		.byte	0x7
 1193 0787 CF       		.byte	0xcf
 1194 0788 93070000 		.4byte	0x793
 1195 078c 01       		.byte	0x1
 1196 078d 05       		.byte	0x5
 1197 078e 03       		.byte	0x3
ARM GAS  /tmp/ccxhUhxa.s 			page 22


 1198 078f 00000000 		.4byte	productStringDescriptor
 1199 0793 0D       		.uleb128 0xd
 1200 0794 EE060000 		.4byte	0x6ee
 1201 0798 11       		.uleb128 0x11
 1202 0799 13030000 		.4byte	.LASF97
 1203 079d 07       		.byte	0x7
 1204 079e E3       		.byte	0xe3
 1205 079f 10070000 		.4byte	0x710
 1206 07a3 01       		.byte	0x1
 1207 07a4 05       		.byte	0x5
 1208 07a5 03       		.byte	0x3
 1209 07a6 00000000 		.4byte	stringDescriptors
 1210 07aa 11       		.uleb128 0x11
 1211 07ab 14000000 		.4byte	.LASF98
 1212 07af 07       		.byte	0x7
 1213 07b0 EA       		.byte	0xea
 1214 07b1 A2040000 		.4byte	0x4a2
 1215 07b5 01       		.byte	0x1
 1216 07b6 05       		.byte	0x5
 1217 07b7 03       		.byte	0x3
 1218 07b8 00000000 		.4byte	cdcdSerialDriverDescriptors
 1219 07bc 00       		.byte	0
 1220              		.section	.debug_abbrev,"",%progbits
 1221              	.Ldebug_abbrev0:
 1222 0000 01       		.uleb128 0x1
 1223 0001 11       		.uleb128 0x11
 1224 0002 01       		.byte	0x1
 1225 0003 25       		.uleb128 0x25
 1226 0004 0E       		.uleb128 0xe
 1227 0005 13       		.uleb128 0x13
 1228 0006 0B       		.uleb128 0xb
 1229 0007 03       		.uleb128 0x3
 1230 0008 0E       		.uleb128 0xe
 1231 0009 1B       		.uleb128 0x1b
 1232 000a 0E       		.uleb128 0xe
 1233 000b 11       		.uleb128 0x11
 1234 000c 01       		.uleb128 0x1
 1235 000d 12       		.uleb128 0x12
 1236 000e 01       		.uleb128 0x1
 1237 000f 10       		.uleb128 0x10
 1238 0010 06       		.uleb128 0x6
 1239 0011 00       		.byte	0
 1240 0012 00       		.byte	0
 1241 0013 02       		.uleb128 0x2
 1242 0014 24       		.uleb128 0x24
 1243 0015 00       		.byte	0
 1244 0016 0B       		.uleb128 0xb
 1245 0017 0B       		.uleb128 0xb
 1246 0018 3E       		.uleb128 0x3e
 1247 0019 0B       		.uleb128 0xb
 1248 001a 03       		.uleb128 0x3
 1249 001b 0E       		.uleb128 0xe
 1250 001c 00       		.byte	0
 1251 001d 00       		.byte	0
 1252 001e 03       		.uleb128 0x3
 1253 001f 24       		.uleb128 0x24
 1254 0020 00       		.byte	0
ARM GAS  /tmp/ccxhUhxa.s 			page 23


 1255 0021 0B       		.uleb128 0xb
 1256 0022 0B       		.uleb128 0xb
 1257 0023 3E       		.uleb128 0x3e
 1258 0024 0B       		.uleb128 0xb
 1259 0025 03       		.uleb128 0x3
 1260 0026 08       		.uleb128 0x8
 1261 0027 00       		.byte	0
 1262 0028 00       		.byte	0
 1263 0029 04       		.uleb128 0x4
 1264 002a 01       		.uleb128 0x1
 1265 002b 01       		.byte	0x1
 1266 002c 49       		.uleb128 0x49
 1267 002d 13       		.uleb128 0x13
 1268 002e 01       		.uleb128 0x1
 1269 002f 13       		.uleb128 0x13
 1270 0030 00       		.byte	0
 1271 0031 00       		.byte	0
 1272 0032 05       		.uleb128 0x5
 1273 0033 21       		.uleb128 0x21
 1274 0034 00       		.byte	0
 1275 0035 49       		.uleb128 0x49
 1276 0036 13       		.uleb128 0x13
 1277 0037 2F       		.uleb128 0x2f
 1278 0038 0B       		.uleb128 0xb
 1279 0039 00       		.byte	0
 1280 003a 00       		.byte	0
 1281 003b 06       		.uleb128 0x6
 1282 003c 16       		.uleb128 0x16
 1283 003d 00       		.byte	0
 1284 003e 03       		.uleb128 0x3
 1285 003f 0E       		.uleb128 0xe
 1286 0040 3A       		.uleb128 0x3a
 1287 0041 0B       		.uleb128 0xb
 1288 0042 3B       		.uleb128 0x3b
 1289 0043 0B       		.uleb128 0xb
 1290 0044 49       		.uleb128 0x49
 1291 0045 13       		.uleb128 0x13
 1292 0046 00       		.byte	0
 1293 0047 00       		.byte	0
 1294 0048 07       		.uleb128 0x7
 1295 0049 13       		.uleb128 0x13
 1296 004a 01       		.byte	0x1
 1297 004b 03       		.uleb128 0x3
 1298 004c 0E       		.uleb128 0xe
 1299 004d 0B       		.uleb128 0xb
 1300 004e 0B       		.uleb128 0xb
 1301 004f 3A       		.uleb128 0x3a
 1302 0050 0B       		.uleb128 0xb
 1303 0051 3B       		.uleb128 0x3b
 1304 0052 05       		.uleb128 0x5
 1305 0053 01       		.uleb128 0x1
 1306 0054 13       		.uleb128 0x13
 1307 0055 00       		.byte	0
 1308 0056 00       		.byte	0
 1309 0057 08       		.uleb128 0x8
 1310 0058 0D       		.uleb128 0xd
 1311 0059 00       		.byte	0
ARM GAS  /tmp/ccxhUhxa.s 			page 24


 1312 005a 03       		.uleb128 0x3
 1313 005b 0E       		.uleb128 0xe
 1314 005c 3A       		.uleb128 0x3a
 1315 005d 0B       		.uleb128 0xb
 1316 005e 3B       		.uleb128 0x3b
 1317 005f 05       		.uleb128 0x5
 1318 0060 49       		.uleb128 0x49
 1319 0061 13       		.uleb128 0x13
 1320 0062 38       		.uleb128 0x38
 1321 0063 0A       		.uleb128 0xa
 1322 0064 00       		.byte	0
 1323 0065 00       		.byte	0
 1324 0066 09       		.uleb128 0x9
 1325 0067 16       		.uleb128 0x16
 1326 0068 00       		.byte	0
 1327 0069 03       		.uleb128 0x3
 1328 006a 0E       		.uleb128 0xe
 1329 006b 3A       		.uleb128 0x3a
 1330 006c 0B       		.uleb128 0xb
 1331 006d 3B       		.uleb128 0x3b
 1332 006e 05       		.uleb128 0x5
 1333 006f 49       		.uleb128 0x49
 1334 0070 13       		.uleb128 0x13
 1335 0071 00       		.byte	0
 1336 0072 00       		.byte	0
 1337 0073 0A       		.uleb128 0xa
 1338 0074 13       		.uleb128 0x13
 1339 0075 01       		.byte	0x1
 1340 0076 03       		.uleb128 0x3
 1341 0077 0E       		.uleb128 0xe
 1342 0078 0B       		.uleb128 0xb
 1343 0079 0B       		.uleb128 0xb
 1344 007a 3A       		.uleb128 0x3a
 1345 007b 0B       		.uleb128 0xb
 1346 007c 3B       		.uleb128 0x3b
 1347 007d 0B       		.uleb128 0xb
 1348 007e 01       		.uleb128 0x1
 1349 007f 13       		.uleb128 0x13
 1350 0080 00       		.byte	0
 1351 0081 00       		.byte	0
 1352 0082 0B       		.uleb128 0xb
 1353 0083 0D       		.uleb128 0xd
 1354 0084 00       		.byte	0
 1355 0085 03       		.uleb128 0x3
 1356 0086 0E       		.uleb128 0xe
 1357 0087 3A       		.uleb128 0x3a
 1358 0088 0B       		.uleb128 0xb
 1359 0089 3B       		.uleb128 0x3b
 1360 008a 0B       		.uleb128 0xb
 1361 008b 49       		.uleb128 0x49
 1362 008c 13       		.uleb128 0x13
 1363 008d 38       		.uleb128 0x38
 1364 008e 0A       		.uleb128 0xa
 1365 008f 00       		.byte	0
 1366 0090 00       		.byte	0
 1367 0091 0C       		.uleb128 0xc
 1368 0092 0F       		.uleb128 0xf
ARM GAS  /tmp/ccxhUhxa.s 			page 25


 1369 0093 00       		.byte	0
 1370 0094 0B       		.uleb128 0xb
 1371 0095 0B       		.uleb128 0xb
 1372 0096 49       		.uleb128 0x49
 1373 0097 13       		.uleb128 0x13
 1374 0098 00       		.byte	0
 1375 0099 00       		.byte	0
 1376 009a 0D       		.uleb128 0xd
 1377 009b 26       		.uleb128 0x26
 1378 009c 00       		.byte	0
 1379 009d 49       		.uleb128 0x49
 1380 009e 13       		.uleb128 0x13
 1381 009f 00       		.byte	0
 1382 00a0 00       		.byte	0
 1383 00a1 0E       		.uleb128 0xe
 1384 00a2 34       		.uleb128 0x34
 1385 00a3 00       		.byte	0
 1386 00a4 03       		.uleb128 0x3
 1387 00a5 0E       		.uleb128 0xe
 1388 00a6 3A       		.uleb128 0x3a
 1389 00a7 0B       		.uleb128 0xb
 1390 00a8 3B       		.uleb128 0x3b
 1391 00a9 05       		.uleb128 0x5
 1392 00aa 49       		.uleb128 0x49
 1393 00ab 13       		.uleb128 0x13
 1394 00ac 3F       		.uleb128 0x3f
 1395 00ad 0C       		.uleb128 0xc
 1396 00ae 3C       		.uleb128 0x3c
 1397 00af 0C       		.uleb128 0xc
 1398 00b0 00       		.byte	0
 1399 00b1 00       		.byte	0
 1400 00b2 0F       		.uleb128 0xf
 1401 00b3 35       		.uleb128 0x35
 1402 00b4 00       		.byte	0
 1403 00b5 49       		.uleb128 0x49
 1404 00b6 13       		.uleb128 0x13
 1405 00b7 00       		.byte	0
 1406 00b8 00       		.byte	0
 1407 00b9 10       		.uleb128 0x10
 1408 00ba 34       		.uleb128 0x34
 1409 00bb 00       		.byte	0
 1410 00bc 03       		.uleb128 0x3
 1411 00bd 0E       		.uleb128 0xe
 1412 00be 3A       		.uleb128 0x3a
 1413 00bf 0B       		.uleb128 0xb
 1414 00c0 3B       		.uleb128 0x3b
 1415 00c1 0B       		.uleb128 0xb
 1416 00c2 49       		.uleb128 0x49
 1417 00c3 13       		.uleb128 0x13
 1418 00c4 3F       		.uleb128 0x3f
 1419 00c5 0C       		.uleb128 0xc
 1420 00c6 3C       		.uleb128 0x3c
 1421 00c7 0C       		.uleb128 0xc
 1422 00c8 00       		.byte	0
 1423 00c9 00       		.byte	0
 1424 00ca 11       		.uleb128 0x11
 1425 00cb 34       		.uleb128 0x34
ARM GAS  /tmp/ccxhUhxa.s 			page 26


 1426 00cc 00       		.byte	0
 1427 00cd 03       		.uleb128 0x3
 1428 00ce 0E       		.uleb128 0xe
 1429 00cf 3A       		.uleb128 0x3a
 1430 00d0 0B       		.uleb128 0xb
 1431 00d1 3B       		.uleb128 0x3b
 1432 00d2 0B       		.uleb128 0xb
 1433 00d3 49       		.uleb128 0x49
 1434 00d4 13       		.uleb128 0x13
 1435 00d5 3F       		.uleb128 0x3f
 1436 00d6 0C       		.uleb128 0xc
 1437 00d7 02       		.uleb128 0x2
 1438 00d8 0A       		.uleb128 0xa
 1439 00d9 00       		.byte	0
 1440 00da 00       		.byte	0
 1441 00db 00       		.byte	0
 1442              		.section	.debug_line,"",%progbits
 1443              	.Ldebug_line0:
 1444 0000 1E010000 		.section	.debug_str,"MS",%progbits,1
 1444      02001801 
 1444      00000201 
 1444      FB0E0D00 
 1444      01010101 
 1445              	.LASF83:
 1446 0000 68656164 		.ascii	"header\000"
 1446      657200
 1447              	.LASF87:
 1448 0007 6E6F7469 		.ascii	"notification\000"
 1448      66696361 
 1448      74696F6E 
 1448      00
 1449              	.LASF98:
 1450 0014 63646364 		.ascii	"cdcdSerialDriverDescriptors\000"
 1450      53657269 
 1450      616C4472 
 1450      69766572 
 1450      44657363 
 1451              	.LASF27:
 1452 0030 5F555342 		.ascii	"_USBDeviceDescriptor\000"
 1452      44657669 
 1452      63654465 
 1452      73637269 
 1452      70746F72 
 1453              	.LASF47:
 1454 0045 55534249 		.ascii	"USBInterfaceDescriptor\000"
 1454      6E746572 
 1454      66616365 
 1454      44657363 
 1454      72697074 
 1455              	.LASF28:
 1456 005c 5F555342 		.ascii	"_USBDeviceQualifierDescriptor\000"
 1456      44657669 
 1456      63655175 
 1456      616C6966 
 1456      69657244 
 1457              	.LASF50:
 1458 007a 774D6178 		.ascii	"wMaxPacketSize\000"
ARM GAS  /tmp/ccxhUhxa.s 			page 27


 1458      5061636B 
 1458      65745369 
 1458      7A6500
 1459              	.LASF56:
 1460 0089 70467351 		.ascii	"pFsQualifier\000"
 1460      75616C69 
 1460      66696572 
 1460      00
 1461              	.LASF23:
 1462 0096 6950726F 		.ascii	"iProduct\000"
 1462      64756374 
 1462      00
 1463              	.LASF22:
 1464 009f 694D616E 		.ascii	"iManufacturer\000"
 1464      75666163 
 1464      74757265 
 1464      7200
 1465              	.LASF79:
 1466 00ad 43444341 		.ascii	"CDCAbstractControlManagementDescriptor\000"
 1466      62737472 
 1466      61637443 
 1466      6F6E7472 
 1466      6F6C4D61 
 1467              	.LASF101:
 1468 00d4 2F686F6D 		.ascii	"/home/mo/armed/SAM3S/test\000"
 1468      652F6D6F 
 1468      2F61726D 
 1468      65642F53 
 1468      414D3353 
 1469              	.LASF21:
 1470 00ee 62636444 		.ascii	"bcdDevice\000"
 1470      65766963 
 1470      6500
 1471              	.LASF33:
 1472 00f8 624E756D 		.ascii	"bNumInterfaces\000"
 1472      496E7465 
 1472      72666163 
 1472      657300
 1473              	.LASF6:
 1474 0107 6C6F6E67 		.ascii	"long long unsigned int\000"
 1474      206C6F6E 
 1474      6720756E 
 1474      7369676E 
 1474      65642069 
 1475              	.LASF32:
 1476 011e 77546F74 		.ascii	"wTotalLength\000"
 1476      616C4C65 
 1476      6E677468 
 1476      00
 1477              	.LASF18:
 1478 012b 624D6178 		.ascii	"bMaxPacketSize0\000"
 1478      5061636B 
 1478      65745369 
 1478      7A653000 
 1479              	.LASF55:
 1480 013b 70467343 		.ascii	"pFsConfiguration\000"
 1480      6F6E6669 
ARM GAS  /tmp/ccxhUhxa.s 			page 28


 1480      67757261 
 1480      74696F6E 
 1480      00
 1481              	.LASF35:
 1482 014c 69436F6E 		.ascii	"iConfiguration\000"
 1482      66696775 
 1482      72617469 
 1482      6F6E00
 1483              	.LASF26:
 1484 015b 55534244 		.ascii	"USBDeviceDescriptor\000"
 1484      65766963 
 1484      65446573 
 1484      63726970 
 1484      746F7200 
 1485              	.LASF100:
 1486 016f 626F6172 		.ascii	"board/usb_device_descriptor.c\000"
 1486      642F7573 
 1486      625F6465 
 1486      76696365 
 1486      5F646573 
 1487              	.LASF77:
 1488 018d 43444343 		.ascii	"CDCCallManagementDescriptor\000"
 1488      616C6C4D 
 1488      616E6167 
 1488      656D656E 
 1488      74446573 
 1489              	.LASF59:
 1490 01a9 70487343 		.ascii	"pHsConfiguration\000"
 1490      6F6E6669 
 1490      67757261 
 1490      74696F6E 
 1490      00
 1491              	.LASF73:
 1492 01ba 43444355 		.ascii	"CDCUnionDescriptor\000"
 1492      6E696F6E 
 1492      44657363 
 1492      72697074 
 1492      6F7200
 1493              	.LASF51:
 1494 01cd 62496E74 		.ascii	"bInterval\000"
 1494      65727661 
 1494      6C00
 1495              	.LASF65:
 1496 01d7 5F434443 		.ascii	"_CDCHeaderDescriptor\000"
 1496      48656164 
 1496      65724465 
 1496      73637269 
 1496      70746F72 
 1497              	.LASF84:
 1498 01ec 63616C6C 		.ascii	"callManagement\000"
 1498      4D616E61 
 1498      67656D65 
 1498      6E7400
 1499              	.LASF72:
 1500 01fb 62536C61 		.ascii	"bSlaveInterface0\000"
 1500      7665496E 
 1500      74657266 
ARM GAS  /tmp/ccxhUhxa.s 			page 29


 1500      61636530 
 1500      00
 1501              	.LASF54:
 1502 020c 70467344 		.ascii	"pFsDevice\000"
 1502      65766963 
 1502      6500
 1503              	.LASF3:
 1504 0216 73686F72 		.ascii	"short int\000"
 1504      7420696E 
 1504      7400
 1505              	.LASF30:
 1506 0220 55534244 		.ascii	"USBDeviceQualifierDescriptor\000"
 1506      65766963 
 1506      65517561 
 1506      6C696669 
 1506      65724465 
 1507              	.LASF36:
 1508 023d 626D4174 		.ascii	"bmAttributes\000"
 1508      74726962 
 1508      75746573 
 1508      00
 1509              	.LASF5:
 1510 024a 6C6F6E67 		.ascii	"long long int\000"
 1510      206C6F6E 
 1510      6720696E 
 1510      7400
 1511              	.LASF52:
 1512 0258 55534245 		.ascii	"USBEndpointDescriptor\000"
 1512      6E64706F 
 1512      696E7444 
 1512      65736372 
 1512      6970746F 
 1513              	.LASF61:
 1514 026e 7048734F 		.ascii	"pHsOtherSpeed\000"
 1514      74686572 
 1514      53706565 
 1514      6400
 1515              	.LASF96:
 1516 027c 70726F64 		.ascii	"productStringDescriptor\000"
 1516      75637453 
 1516      7472696E 
 1516      67446573 
 1516      63726970 
 1517              	.LASF74:
 1518 0294 5F434443 		.ascii	"_CDCCallManagementDescriptor\000"
 1518      43616C6C 
 1518      4D616E61 
 1518      67656D65 
 1518      6E744465 
 1519              	.LASF19:
 1520 02b1 69645665 		.ascii	"idVendor\000"
 1520      6E646F72 
 1520      00
 1521              	.LASF7:
 1522 02ba 6C6F6E67 		.ascii	"long int\000"
 1522      20696E74 
 1522      00
ARM GAS  /tmp/ccxhUhxa.s 			page 30


 1523              	.LASF60:
 1524 02c3 70487351 		.ascii	"pHsQualifier\000"
 1524      75616C69 
 1524      66696572 
 1524      00
 1525              	.LASF78:
 1526 02d0 5F434443 		.ascii	"_CDCAbstractControlManagementDescriptor\000"
 1526      41627374 
 1526      72616374 
 1526      436F6E74 
 1526      726F6C4D 
 1527              	.LASF69:
 1528 02f8 43444348 		.ascii	"CDCHeaderDescriptor\000"
 1528      65616465 
 1528      72446573 
 1528      63726970 
 1528      746F7200 
 1529              	.LASF90:
 1530 030c 64617461 		.ascii	"dataIn\000"
 1530      496E00
 1531              	.LASF97:
 1532 0313 73747269 		.ascii	"stringDescriptors\000"
 1532      6E674465 
 1532      73637269 
 1532      70746F72 
 1532      7300
 1533              	.LASF13:
 1534 0325 62446573 		.ascii	"bDescriptorType\000"
 1534      63726970 
 1534      746F7254 
 1534      79706500 
 1535              	.LASF64:
 1536 0335 55534244 		.ascii	"USBDDriverDescriptors\000"
 1536      44726976 
 1536      65724465 
 1536      73637269 
 1536      70746F72 
 1537              	.LASF2:
 1538 034b 756E7369 		.ascii	"unsigned char\000"
 1538      676E6564 
 1538      20636861 
 1538      7200
 1539              	.LASF29:
 1540 0359 62526573 		.ascii	"bReserved\000"
 1540      65727665 
 1540      6400
 1541              	.LASF48:
 1542 0363 5F555342 		.ascii	"_USBEndpointDescriptor\000"
 1542      456E6470 
 1542      6F696E74 
 1542      44657363 
 1542      72697074 
 1543              	.LASF40:
 1544 037a 62496E74 		.ascii	"bInterfaceNumber\000"
 1544      65726661 
 1544      63654E75 
 1544      6D626572 
ARM GAS  /tmp/ccxhUhxa.s 			page 31


 1544      00
 1545              	.LASF1:
 1546 038b 7369676E 		.ascii	"signed char\000"
 1546      65642063 
 1546      68617200 
 1547              	.LASF66:
 1548 0397 6246756E 		.ascii	"bFunctionLength\000"
 1548      6374696F 
 1548      6E4C656E 
 1548      67746800 
 1549              	.LASF38:
 1550 03a7 55534243 		.ascii	"USBConfigurationDescriptor\000"
 1550      6F6E6669 
 1550      67757261 
 1550      74696F6E 
 1550      44657363 
 1551              	.LASF94:
 1552 03c2 636F6E66 		.ascii	"configurationDescriptorsFS\000"
 1552      69677572 
 1552      6174696F 
 1552      6E446573 
 1552      63726970 
 1553              	.LASF42:
 1554 03dd 624E756D 		.ascii	"bNumEndpoints\000"
 1554      456E6470 
 1554      6F696E74 
 1554      7300
 1555              	.LASF81:
 1556 03eb 636F6E66 		.ascii	"configuration\000"
 1556      69677572 
 1556      6174696F 
 1556      6E00
 1557              	.LASF11:
 1558 03f9 75696E74 		.ascii	"uint16_t\000"
 1558      31365F74 
 1558      00
 1559              	.LASF75:
 1560 0402 626D4361 		.ascii	"bmCapabilities\000"
 1560      70616269 
 1560      6C697469 
 1560      657300
 1561              	.LASF46:
 1562 0411 69496E74 		.ascii	"iInterface\000"
 1562      65726661 
 1562      636500
 1563              	.LASF53:
 1564 041c 5F555342 		.ascii	"_USBDDriverDescriptors\000"
 1564      44447269 
 1564      76657244 
 1564      65736372 
 1564      6970746F 
 1565              	.LASF4:
 1566 0433 73686F72 		.ascii	"short unsigned int\000"
 1566      7420756E 
 1566      7369676E 
 1566      65642069 
 1566      6E7400
ARM GAS  /tmp/ccxhUhxa.s 			page 32


 1567              	.LASF39:
 1568 0446 5F555342 		.ascii	"_USBInterfaceDescriptor\000"
 1568      496E7465 
 1568      72666163 
 1568      65446573 
 1568      63726970 
 1569              	.LASF9:
 1570 045e 63686172 		.ascii	"char\000"
 1570      00
 1571              	.LASF58:
 1572 0463 70487344 		.ascii	"pHsDevice\000"
 1572      65766963 
 1572      6500
 1573              	.LASF25:
 1574 046d 624E756D 		.ascii	"bNumConfigurations\000"
 1574      436F6E66 
 1574      69677572 
 1574      6174696F 
 1574      6E7300
 1575              	.LASF95:
 1576 0480 6C616E67 		.ascii	"languageIdStringDescriptor\000"
 1576      75616765 
 1576      49645374 
 1576      72696E67 
 1576      44657363 
 1577              	.LASF99:
 1578 049b 474E5520 		.ascii	"GNU C 4.6.1\000"
 1578      4320342E 
 1578      362E3100 
 1579              	.LASF43:
 1580 04a7 62496E74 		.ascii	"bInterfaceClass\000"
 1580      65726661 
 1580      6365436C 
 1580      61737300 
 1581              	.LASF41:
 1582 04b7 62416C74 		.ascii	"bAlternateSetting\000"
 1582      65726E61 
 1582      74655365 
 1582      7474696E 
 1582      6700
 1583              	.LASF17:
 1584 04c9 62446576 		.ascii	"bDeviceProtocol\000"
 1584      69636550 
 1584      726F746F 
 1584      636F6C00 
 1585              	.LASF24:
 1586 04d9 69536572 		.ascii	"iSerialNumber\000"
 1586      69616C4E 
 1586      756D6265 
 1586      7200
 1587              	.LASF85:
 1588 04e7 61627374 		.ascii	"abstractControlManagement\000"
 1588      72616374 
 1588      436F6E74 
 1588      726F6C4D 
 1588      616E6167 
 1589              	.LASF63:
ARM GAS  /tmp/ccxhUhxa.s 			page 33


 1590 0501 6E756D53 		.ascii	"numStrings\000"
 1590      7472696E 
 1590      677300
 1591              	.LASF93:
 1592 050c 64657669 		.ascii	"deviceDescriptor\000"
 1592      63654465 
 1592      73637269 
 1592      70746F72 
 1592      00
 1593              	.LASF76:
 1594 051d 62446174 		.ascii	"bDataInterface\000"
 1594      61496E74 
 1594      65726661 
 1594      636500
 1595              	.LASF8:
 1596 052c 6C6F6E67 		.ascii	"long unsigned int\000"
 1596      20756E73 
 1596      69676E65 
 1596      6420696E 
 1596      7400
 1597              	.LASF71:
 1598 053e 624D6173 		.ascii	"bMasterInterface\000"
 1598      74657249 
 1598      6E746572 
 1598      66616365 
 1598      00
 1599              	.LASF57:
 1600 054f 7046734F 		.ascii	"pFsOtherSpeed\000"
 1600      74686572 
 1600      53706565 
 1600      6400
 1601              	.LASF67:
 1602 055d 62446573 		.ascii	"bDescriptorSubtype\000"
 1602      63726970 
 1602      746F7253 
 1602      75627479 
 1602      706500
 1603              	.LASF12:
 1604 0570 624C656E 		.ascii	"bLength\000"
 1604      67746800 
 1605              	.LASF62:
 1606 0578 70537472 		.ascii	"pStrings\000"
 1606      696E6773 
 1606      00
 1607              	.LASF91:
 1608 0581 43444344 		.ascii	"CDCDSerialDriverConfigurationDescriptors\000"
 1608      53657269 
 1608      616C4472 
 1608      69766572 
 1608      436F6E66 
 1609              	.LASF20:
 1610 05aa 69645072 		.ascii	"idProduct\000"
 1610      6F647563 
 1610      7400
 1611              	.LASF16:
 1612 05b4 62446576 		.ascii	"bDeviceSubClass\000"
 1612      69636553 
ARM GAS  /tmp/ccxhUhxa.s 			page 34


 1612      7562436C 
 1612      61737300 
 1613              	.LASF86:
 1614 05c4 756E696F 		.ascii	"union1\000"
 1614      6E3100
 1615              	.LASF10:
 1616 05cb 75696E74 		.ascii	"uint8_t\000"
 1616      385F7400 
 1617              	.LASF70:
 1618 05d3 5F434443 		.ascii	"_CDCUnionDescriptor\000"
 1618      556E696F 
 1618      6E446573 
 1618      63726970 
 1618      746F7200 
 1619              	.LASF14:
 1620 05e7 62636455 		.ascii	"bcdUSB\000"
 1620      534200
 1621              	.LASF37:
 1622 05ee 624D6178 		.ascii	"bMaxPower\000"
 1622      506F7765 
 1622      7200
 1623              	.LASF80:
 1624 05f8 5F434443 		.ascii	"_CDCDSerialDriverConfigurationDescriptors\000"
 1624      44536572 
 1624      69616C44 
 1624      72697665 
 1624      72436F6E 
 1625              	.LASF34:
 1626 0622 62436F6E 		.ascii	"bConfigurationValue\000"
 1626      66696775 
 1626      72617469 
 1626      6F6E5661 
 1626      6C756500 
 1627              	.LASF82:
 1628 0636 636F6D6D 		.ascii	"communication\000"
 1628      756E6963 
 1628      6174696F 
 1628      6E00
 1629              	.LASF15:
 1630 0644 62446576 		.ascii	"bDeviceClass\000"
 1630      69636543 
 1630      6C617373 
 1630      00
 1631              	.LASF31:
 1632 0651 5F555342 		.ascii	"_USBConfigurationDescriptor\000"
 1632      436F6E66 
 1632      69677572 
 1632      6174696F 
 1632      6E446573 
 1633              	.LASF92:
 1634 066d 49544D5F 		.ascii	"ITM_RxBuffer\000"
 1634      52784275 
 1634      66666572 
 1634      00
 1635              	.LASF45:
 1636 067a 62496E74 		.ascii	"bInterfaceProtocol\000"
 1636      65726661 
ARM GAS  /tmp/ccxhUhxa.s 			page 35


 1636      63655072 
 1636      6F746F63 
 1636      6F6C00
 1637              	.LASF0:
 1638 068d 756E7369 		.ascii	"unsigned int\000"
 1638      676E6564 
 1638      20696E74 
 1638      00
 1639              	.LASF49:
 1640 069a 62456E64 		.ascii	"bEndpointAddress\000"
 1640      706F696E 
 1640      74416464 
 1640      72657373 
 1640      00
 1641              	.LASF68:
 1642 06ab 62636443 		.ascii	"bcdCDC\000"
 1642      444300
 1643              	.LASF88:
 1644 06b2 64617461 		.ascii	"data\000"
 1644      00
 1645              	.LASF89:
 1646 06b7 64617461 		.ascii	"dataOut\000"
 1646      4F757400 
 1647              	.LASF44:
 1648 06bf 62496E74 		.ascii	"bInterfaceSubClass\000"
 1648      65726661 
 1648      63655375 
 1648      62436C61 
 1648      737300
 1649              		.ident	"GCC: (Sourcery CodeBench Lite 2011.09-69) 4.6.1"
ARM GAS  /tmp/ccxhUhxa.s 			page 36


DEFINED SYMBOLS
                            *ABS*:00000000 usb_device_descriptor.c
     /tmp/ccxhUhxa.s:23     .rodata:00000000 deviceDescriptor
     /tmp/ccxhUhxa.s:20     .rodata:00000000 $d
     /tmp/ccxhUhxa.s:42     .rodata:00000014 configurationDescriptorsFS
     /tmp/ccxhUhxa.s:109    .rodata:00000058 languageIdStringDescriptor
     /tmp/ccxhUhxa.s:118    .rodata:0000005c productStringDescriptor
     /tmp/ccxhUhxa.s:152    .data:00000000 stringDescriptors
     /tmp/ccxhUhxa.s:149    .data:00000000 $d
     /tmp/ccxhUhxa.s:160    .rodata:00000078 cdcdSerialDriverDescriptors

NO UNDEFINED SYMBOLS
