ARM GAS  /tmp/cchIDtEX.s 			page 1


   1              		.syntax unified
   2              		.cpu cortex-m3
   3              		.fpu softvfp
   4              		.eabi_attribute 20, 1
   5              		.eabi_attribute 21, 1
   6              		.eabi_attribute 23, 3
   7              		.eabi_attribute 24, 1
   8              		.eabi_attribute 25, 1
   9              		.eabi_attribute 26, 1
  10              		.eabi_attribute 30, 6
  11              		.eabi_attribute 34, 1
  12              		.eabi_attribute 18, 4
  13              		.thumb
  14              		.file	"startup.c"
  15              		.text
  16              	.Ltext0:
  17              		.cfi_sections	.debug_frame
  18              		.global	pdwStack
  19              		.section	.stack,"aw",%progbits
  20              		.align	3
  21              		.type	pdwStack, %object
  22              		.size	pdwStack, 4096
  23              	pdwStack:
  24 0000 00000000 		.space	4096
  24      00000000 
  24      00000000 
  24      00000000 
  24      00000000 
  25              		.global	exception_table
  26              		.section	.vectors,"aw",%progbits
  27              		.align	2
  28              		.type	exception_table, %object
  29              		.size	exception_table, 208
  30              	exception_table:
  31 0000 FC0F0000 		.word	pdwStack+4092
  32 0004 00000000 		.word	ResetException
  33 0008 00000000 		.word	NMI_Handler
  34 000c 00000000 		.word	HardFault_Handler
  35 0010 00000000 		.word	MemManage_Handler
  36 0014 00000000 		.word	BusFault_Handler
  37 0018 00000000 		.word	UsageFault_Handler
  38 001c 00000000 		.word	0
  39 0020 00000000 		.word	0
  40 0024 00000000 		.word	0
  41 0028 00000000 		.word	0
  42 002c 00000000 		.word	SVC_Handler
  43 0030 00000000 		.word	DebugMon_Handler
  44 0034 00000000 		.word	0
  45 0038 00000000 		.word	PendSV_Handler
  46 003c 00000000 		.word	SysTick_Handler
  47 0040 00000000 		.word	SUPC_IrqHandler
  48 0044 00000000 		.word	RSTC_IrqHandler
  49 0048 00000000 		.word	RTC_IrqHandler
  50 004c 00000000 		.word	RTT_IrqHandler
  51 0050 00000000 		.word	WDT_IrqHandler
  52 0054 00000000 		.word	PMC_IrqHandler
  53 0058 00000000 		.word	EEFC_IrqHandler
ARM GAS  /tmp/cchIDtEX.s 			page 2


  54 005c 00000000 		.word	IrqHandlerNotUsed
  55 0060 00000000 		.word	UART0_IrqHandler
  56 0064 00000000 		.word	UART1_IrqHandler
  57 0068 00000000 		.word	SMC_IrqHandler
  58 006c 00000000 		.word	PIOA_IrqHandler
  59 0070 00000000 		.word	PIOB_IrqHandler
  60 0074 00000000 		.word	PIOC_IrqHandler
  61 0078 00000000 		.word	USART0_IrqHandler
  62 007c 00000000 		.word	USART1_IrqHandler
  63 0080 00000000 		.word	IrqHandlerNotUsed
  64 0084 00000000 		.word	IrqHandlerNotUsed
  65 0088 00000000 		.word	MCI_IrqHandler
  66 008c 00000000 		.word	TWI0_IrqHandler
  67 0090 00000000 		.word	TWI1_IrqHandler
  68 0094 00000000 		.word	SPI_IrqHandler
  69 0098 00000000 		.word	SSC_IrqHandler
  70 009c 00000000 		.word	TC0_IrqHandler
  71 00a0 00000000 		.word	TC1_IrqHandler
  72 00a4 00000000 		.word	TC2_IrqHandler
  73 00a8 00000000 		.word	TC3_IrqHandler
  74 00ac 00000000 		.word	TC4_IrqHandler
  75 00b0 00000000 		.word	TC5_IrqHandler
  76 00b4 00000000 		.word	ADC_IrqHandler
  77 00b8 00000000 		.word	DAC_IrqHandler
  78 00bc 00000000 		.word	PWM_IrqHandler
  79 00c0 00000000 		.word	CRCCU_IrqHandler
  80 00c4 00000000 		.word	ACC_IrqHandler
  81 00c8 00000000 		.word	USBD_IrqHandler
  82 00cc 00000000 		.word	IrqHandlerNotUsed
  83              		.section	.text.ResetException,"ax",%progbits
  84              		.align	2
  85              		.global	ResetException
  86              		.thumb
  87              		.thumb_func
  88              		.type	ResetException, %function
  89              	ResetException:
  90              	.LFB35:
  91              		.file 1 "board/startup.c"
   1:board/startup.c **** /* ----------------------------------------------------------------------------
   2:board/startup.c ****  *         ATMEL Microcontroller Software Support
   3:board/startup.c ****  * ----------------------------------------------------------------------------
   4:board/startup.c ****  * Copyright (c) 2010, Atmel Corporation
   5:board/startup.c ****  *
   6:board/startup.c ****  * All rights reserved.
   7:board/startup.c ****  *
   8:board/startup.c ****  * Redistribution and use in source and binary forms, with or without
   9:board/startup.c ****  * modification, are permitted provided that the following conditions are met:
  10:board/startup.c ****  *
  11:board/startup.c ****  * - Redistributions of source code must retain the above copyright notice,
  12:board/startup.c ****  * this list of conditions and the disclaimer below.
  13:board/startup.c ****  *
  14:board/startup.c ****  * Atmel's name may not be used to endorse or promote products derived from
  15:board/startup.c ****  * this software without specific prior written permission.
  16:board/startup.c ****  *
  17:board/startup.c ****  * DISCLAIMER: THIS SOFTWARE IS PROVIDED BY ATMEL "AS IS" AND ANY EXPRESS OR
  18:board/startup.c ****  * IMPLIED WARRANTIES, INCLUDING, BUT NOT LIMITED TO, THE IMPLIED WARRANTIES OF
  19:board/startup.c ****  * MERCHANTABILITY, FITNESS FOR A PARTICULAR PURPOSE AND NON-INFRINGEMENT ARE
ARM GAS  /tmp/cchIDtEX.s 			page 3


  20:board/startup.c ****  * DISCLAIMED. IN NO EVENT SHALL ATMEL BE LIABLE FOR ANY DIRECT, INDIRECT,
  21:board/startup.c ****  * INCIDENTAL, SPECIAL, EXEMPLARY, OR CONSEQUENTIAL DAMAGES (INCLUDING, BUT NOT
  22:board/startup.c ****  * LIMITED TO, PROCUREMENT OF SUBSTITUTE GOODS OR SERVICES; LOSS OF USE, DATA,
  23:board/startup.c ****  * OR PROFITS; OR BUSINESS INTERRUPTION) HOWEVER CAUSED AND ON ANY THEORY OF
  24:board/startup.c ****  * LIABILITY, WHETHER IN CONTRACT, STRICT LIABILITY, OR TORT (INCLUDING
  25:board/startup.c ****  * NEGLIGENCE OR OTHERWISE) ARISING IN ANY WAY OUT OF THE USE OF THIS SOFTWARE,
  26:board/startup.c ****  * EVEN IF ADVISED OF THE POSSIBILITY OF SUCH DAMAGE.
  27:board/startup.c ****  * ----------------------------------------------------------------------------
  28:board/startup.c ****  */
  29:board/startup.c **** 
  30:board/startup.c **** /*----------------------------------------------------------------------------
  31:board/startup.c ****  *        Headers
  32:board/startup.c ****  *----------------------------------------------------------------------------*/
  33:board/startup.c **** 
  34:board/startup.c **** #include "board.h"
  35:board/startup.c **** 
  36:board/startup.c **** /*----------------------------------------------------------------------------
  37:board/startup.c ****  *        Exported variables
  38:board/startup.c ****  *----------------------------------------------------------------------------*/
  39:board/startup.c **** 
  40:board/startup.c **** /* Stack Configuration */  
  41:board/startup.c **** #define STACK_SIZE       0x400     /** Stack size (in DWords) */
  42:board/startup.c **** __attribute__ ((aligned(8),section(".stack")))
  43:board/startup.c **** uint32_t pdwStack[STACK_SIZE] ;     
  44:board/startup.c **** 
  45:board/startup.c **** /* Initialize segments */
  46:board/startup.c **** extern uint32_t _sfixed;
  47:board/startup.c **** extern uint32_t _efixed;
  48:board/startup.c **** extern uint32_t _etext;
  49:board/startup.c **** extern uint32_t _srelocate;
  50:board/startup.c **** extern uint32_t _erelocate;
  51:board/startup.c **** extern uint32_t _szero;
  52:board/startup.c **** extern uint32_t _ezero;
  53:board/startup.c **** 
  54:board/startup.c **** 
  55:board/startup.c **** /*----------------------------------------------------------------------------
  56:board/startup.c ****  *        ProtoTypes
  57:board/startup.c ****  *----------------------------------------------------------------------------*/
  58:board/startup.c **** extern int main( void ) ;
  59:board/startup.c **** extern void __libc_init_array( void ) ;
  60:board/startup.c **** void ResetException( void ) ;
  61:board/startup.c **** 
  62:board/startup.c **** /*------------------------------------------------------------------------------
  63:board/startup.c ****  *         Exception Table
  64:board/startup.c ****  *------------------------------------------------------------------------------*/
  65:board/startup.c **** 
  66:board/startup.c **** __attribute__((section(".vectors")))
  67:board/startup.c **** IntFunc exception_table[] = {
  68:board/startup.c **** 
  69:board/startup.c ****     /* Configure Initial Stack Pointer, using linker-generated symbols */
  70:board/startup.c ****     (IntFunc)(&pdwStack[STACK_SIZE-1]),
  71:board/startup.c ****     ResetException,
  72:board/startup.c **** 
  73:board/startup.c ****     NMI_Handler,
  74:board/startup.c ****     HardFault_Handler,
  75:board/startup.c ****     MemManage_Handler,
  76:board/startup.c ****     BusFault_Handler,
ARM GAS  /tmp/cchIDtEX.s 			page 4


  77:board/startup.c ****     UsageFault_Handler,
  78:board/startup.c ****     0, 0, 0, 0,         /* Reserved */
  79:board/startup.c ****     SVC_Handler,
  80:board/startup.c ****     DebugMon_Handler,
  81:board/startup.c ****     0,                  /* Reserved  */
  82:board/startup.c ****     PendSV_Handler,
  83:board/startup.c ****     SysTick_Handler,
  84:board/startup.c **** 
  85:board/startup.c ****     /* Configurable interrupts  */
  86:board/startup.c ****     SUPC_IrqHandler,    /* 0  Supply Controller */
  87:board/startup.c ****     RSTC_IrqHandler,    /* 1  Reset Controller */
  88:board/startup.c ****     RTC_IrqHandler,     /* 2  Real Time Clock */
  89:board/startup.c ****     RTT_IrqHandler,     /* 3  Real Time Timer */
  90:board/startup.c ****     WDT_IrqHandler,     /* 4  Watchdog Timer */
  91:board/startup.c ****     PMC_IrqHandler,     /* 5  PMC */
  92:board/startup.c ****     EEFC_IrqHandler,    /* 6  EEFC */
  93:board/startup.c ****     IrqHandlerNotUsed,  /* 7  Reserved */
  94:board/startup.c ****     UART0_IrqHandler,   /* 8  UART0 */
  95:board/startup.c ****     UART1_IrqHandler,   /* 9  UART1 */
  96:board/startup.c ****     SMC_IrqHandler,     /* 10 SMC */
  97:board/startup.c ****     PIOA_IrqHandler,    /* 11 Parallel IO Controller A */
  98:board/startup.c ****     PIOB_IrqHandler,    /* 12 Parallel IO Controller B */
  99:board/startup.c ****     PIOC_IrqHandler,    /* 13 Parallel IO Controller C */
 100:board/startup.c ****     USART0_IrqHandler,  /* 14 USART 0 */
 101:board/startup.c ****     USART1_IrqHandler,  /* 15 USART 1 */
 102:board/startup.c ****     IrqHandlerNotUsed,  /* 16 Reserved */
 103:board/startup.c ****     IrqHandlerNotUsed,  /* 17 Reserved */
 104:board/startup.c ****     MCI_IrqHandler,     /* 18 MCI */
 105:board/startup.c ****     TWI0_IrqHandler,    /* 19 TWI 0 */
 106:board/startup.c ****     TWI1_IrqHandler,    /* 20 TWI 1 */
 107:board/startup.c ****     SPI_IrqHandler,     /* 21 SPI */
 108:board/startup.c ****     SSC_IrqHandler,     /* 22 SSC */
 109:board/startup.c ****     TC0_IrqHandler,     /* 23 Timer Counter 0 */
 110:board/startup.c ****     TC1_IrqHandler,     /* 24 Timer Counter 1 */
 111:board/startup.c ****     TC2_IrqHandler,     /* 25 Timer Counter 2 */
 112:board/startup.c ****     TC3_IrqHandler,     /* 26 Timer Counter 3 */
 113:board/startup.c ****     TC4_IrqHandler,     /* 27 Timer Counter 4 */
 114:board/startup.c ****     TC5_IrqHandler,     /* 28 Timer Counter 5 */
 115:board/startup.c ****     ADC_IrqHandler,     /* 29 ADC controller */
 116:board/startup.c ****     DAC_IrqHandler,     /* 30 DAC controller */
 117:board/startup.c ****     PWM_IrqHandler,     /* 31 PWM */
 118:board/startup.c ****     CRCCU_IrqHandler,   /* 32 CRC Calculation Unit */
 119:board/startup.c ****     ACC_IrqHandler,     /* 33 Analog Comparator */
 120:board/startup.c ****     USBD_IrqHandler,    /* 34 USB Device Port */
 121:board/startup.c ****     IrqHandlerNotUsed   /* 35 not used */
 122:board/startup.c **** };
 123:board/startup.c **** 
 124:board/startup.c **** /**
 125:board/startup.c ****  * \brief This is the code that gets called on processor reset.
 126:board/startup.c ****  * To initialize the device, and call the main() routine.
 127:board/startup.c ****  */
 128:board/startup.c **** void ResetException( void )
 129:board/startup.c **** {
  92              		.loc 1 129 0
  93              		.cfi_startproc
  94              		@ args = 0, pretend = 0, frame = 8
  95              		@ frame_needed = 1, uses_anonymous_args = 0
ARM GAS  /tmp/cchIDtEX.s 			page 5


  96 0000 80B5     		push	{r7, lr}
  97              	.LCFI0:
  98              		.cfi_def_cfa_offset 8
  99              		.cfi_offset 14, -4
 100              		.cfi_offset 7, -8
 101 0002 82B0     		sub	sp, sp, #8
 102              	.LCFI1:
 103              		.cfi_def_cfa_offset 16
 104 0004 00AF     		add	r7, sp, #0
 105              	.LCFI2:
 106              		.cfi_def_cfa_register 7
 130:board/startup.c ****     uint32_t *pSrc, *pDest ;
 131:board/startup.c **** 
 132:board/startup.c ****     /* Low level Initialize */
 133:board/startup.c ****     SystemInit() ;
 107              		.loc 1 133 0
 108 0006 FFF7FEFF 		bl	SystemInit
 134:board/startup.c **** 
 135:board/startup.c ****     /* Initialize the relocate segment */
 136:board/startup.c ****     pSrc = &_etext ;
 109              		.loc 1 136 0
 110 000a 40F20003 		movw	r3, #:lower16:_etext
 111 000e C0F20003 		movt	r3, #:upper16:_etext
 112 0012 7B60     		str	r3, [r7, #4]
 137:board/startup.c ****     pDest = &_srelocate ;
 113              		.loc 1 137 0
 114 0014 40F20003 		movw	r3, #:lower16:_srelocate
 115 0018 C0F20003 		movt	r3, #:upper16:_srelocate
 116 001c 3B60     		str	r3, [r7, #0]
 138:board/startup.c **** 
 139:board/startup.c ****     if ( pSrc != pDest )
 117              		.loc 1 139 0
 118 001e 7A68     		ldr	r2, [r7, #4]
 119 0020 3B68     		ldr	r3, [r7, #0]
 120 0022 9A42     		cmp	r2, r3
 121 0024 13D0     		beq	.L2
 140:board/startup.c ****     {
 141:board/startup.c ****         for ( ; pDest < &_erelocate ; )
 122              		.loc 1 141 0
 123 0026 0BE0     		b	.L3
 124              	.L4:
 142:board/startup.c ****         {
 143:board/startup.c ****             *pDest++ = *pSrc++ ;
 125              		.loc 1 143 0
 126 0028 7B68     		ldr	r3, [r7, #4]
 127 002a 1A68     		ldr	r2, [r3, #0]
 128 002c 3B68     		ldr	r3, [r7, #0]
 129 002e 1A60     		str	r2, [r3, #0]
 130 0030 3B68     		ldr	r3, [r7, #0]
 131 0032 03F10403 		add	r3, r3, #4
 132 0036 3B60     		str	r3, [r7, #0]
 133 0038 7B68     		ldr	r3, [r7, #4]
 134 003a 03F10403 		add	r3, r3, #4
 135 003e 7B60     		str	r3, [r7, #4]
 136              	.L3:
 141:board/startup.c ****         for ( ; pDest < &_erelocate ; )
 137              		.loc 1 141 0 discriminator 1
ARM GAS  /tmp/cchIDtEX.s 			page 6


 138 0040 3A68     		ldr	r2, [r7, #0]
 139 0042 40F20003 		movw	r3, #:lower16:_erelocate
 140 0046 C0F20003 		movt	r3, #:upper16:_erelocate
 141 004a 9A42     		cmp	r2, r3
 142 004c ECD3     		bcc	.L4
 143              	.L2:
 144:board/startup.c ****         }
 145:board/startup.c ****     }
 146:board/startup.c **** 
 147:board/startup.c ****     /* Clear the zero segment */
 148:board/startup.c ****     for ( pDest = &_szero ; pDest < &_ezero ; )
 144              		.loc 1 148 0
 145 004e 40F20003 		movw	r3, #:lower16:_szero
 146 0052 C0F20003 		movt	r3, #:upper16:_szero
 147 0056 3B60     		str	r3, [r7, #0]
 148 0058 07E0     		b	.L5
 149              	.L6:
 149:board/startup.c ****     {
 150:board/startup.c ****         *pDest++ = 0;
 150              		.loc 1 150 0
 151 005a 3B68     		ldr	r3, [r7, #0]
 152 005c 4FF00002 		mov	r2, #0
 153 0060 1A60     		str	r2, [r3, #0]
 154 0062 3B68     		ldr	r3, [r7, #0]
 155 0064 03F10403 		add	r3, r3, #4
 156 0068 3B60     		str	r3, [r7, #0]
 157              	.L5:
 148:board/startup.c ****     for ( pDest = &_szero ; pDest < &_ezero ; )
 158              		.loc 1 148 0 discriminator 1
 159 006a 3A68     		ldr	r2, [r7, #0]
 160 006c 40F20003 		movw	r3, #:lower16:_ezero
 161 0070 C0F20003 		movt	r3, #:upper16:_ezero
 162 0074 9A42     		cmp	r2, r3
 163 0076 F0D3     		bcc	.L6
 151:board/startup.c ****     }
 152:board/startup.c **** 
 153:board/startup.c ****     /* Set the vector table base address */
 154:board/startup.c ****     pSrc = (uint32_t *)&_sfixed;
 164              		.loc 1 154 0
 165 0078 40F20003 		movw	r3, #:lower16:_sfixed
 166 007c C0F20003 		movt	r3, #:upper16:_sfixed
 167 0080 7B60     		str	r3, [r7, #4]
 155:board/startup.c ****     SCB->VTOR = ( (uint32_t)pSrc & SCB_VTOR_TBLOFF_Msk ) ;
 168              		.loc 1 155 0
 169 0082 4FF46D43 		mov	r3, #60672
 170 0086 CEF20003 		movt	r3, 57344
 171 008a 7A68     		ldr	r2, [r7, #4]
 172 008c 22F06042 		bic	r2, r2, #-536870912
 173 0090 22F07F02 		bic	r2, r2, #127
 174 0094 9A60     		str	r2, [r3, #8]
 156:board/startup.c ****     
 157:board/startup.c ****     if ( ((uint32_t)pSrc >= IRAM_ADDR) && ((uint32_t)pSrc < IRAM_ADDR+IRAM_SIZE) )
 175              		.loc 1 157 0
 176 0096 7A68     		ldr	r2, [r7, #4]
 177 0098 6FF06043 		mvn	r3, #-536870912
 178 009c 9A42     		cmp	r2, r3
 179 009e 12D9     		bls	.L7
ARM GAS  /tmp/cchIDtEX.s 			page 7


 180              		.loc 1 157 0 is_stmt 0 discriminator 1
 181 00a0 7A68     		ldr	r2, [r7, #4]
 182 00a2 4BF6FF73 		movw	r3, #49151
 183 00a6 C2F20003 		movt	r3, 8192
 184 00aa 9A42     		cmp	r2, r3
 185 00ac 0BD8     		bhi	.L7
 158:board/startup.c ****     {
 159:board/startup.c **** 	    SCB->VTOR |= 1 << SCB_VTOR_TBLBASE_Pos ;
 186              		.loc 1 159 0 is_stmt 1
 187 00ae 4FF46D43 		mov	r3, #60672
 188 00b2 CEF20003 		movt	r3, 57344
 189 00b6 4FF46D42 		mov	r2, #60672
 190 00ba CEF20002 		movt	r2, 57344
 191 00be 9268     		ldr	r2, [r2, #8]
 192 00c0 42F00052 		orr	r2, r2, #536870912
 193 00c4 9A60     		str	r2, [r3, #8]
 194              	.L7:
 160:board/startup.c ****     }
 161:board/startup.c **** 
 162:board/startup.c **** 	SystemCoreClockUpdate();
 195              		.loc 1 162 0
 196 00c6 FFF7FEFF 		bl	SystemCoreClockUpdate
 163:board/startup.c **** 
 164:board/startup.c ****     /* Initialize the C library */
 165:board/startup.c ****     //__libc_init_array() ;
 166:board/startup.c **** 	
 167:board/startup.c ****     /* Branch to main function */
 168:board/startup.c ****     main();
 197              		.loc 1 168 0
 198 00ca FFF7FEFF 		bl	main
 199              	.L8:
 169:board/startup.c **** 
 170:board/startup.c ****     /* Infinite loop */
 171:board/startup.c ****     while ( 1 ) ;
 200              		.loc 1 171 0 discriminator 1
 201 00ce FEE7     		b	.L8
 202              		.cfi_endproc
 203              	.LFE35:
 204              		.size	ResetException, .-ResetException
 205              		.text
 206              	.Letext0:
 207              		.file 2 "/usr/local/Sourcery/bin/../lib/gcc/arm-none-eabi/4.6.1/../../../../arm-none-eabi/include/
 208              		.file 3 "libchip/cmsis/core_cm3.h"
 209              		.file 4 "libchip/include/exceptions.h"
 210              		.section	.debug_info,"",%progbits
 211              	.Ldebug_info0:
 212 0000 77030000 		.4byte	0x377
 213 0004 0200     		.2byte	0x2
 214 0006 00000000 		.4byte	.Ldebug_abbrev0
 215 000a 04       		.byte	0x4
 216 000b 01       		.uleb128 0x1
 217 000c 61010000 		.4byte	.LASF38
 218 0010 01       		.byte	0x1
 219 0011 67000000 		.4byte	.LASF39
 220 0015 00000000 		.4byte	.LASF40
 221 0019 00000000 		.4byte	0
 222 001d 00000000 		.4byte	0
ARM GAS  /tmp/cchIDtEX.s 			page 8


 223 0021 00000000 		.4byte	.Ldebug_ranges0+0
 224 0025 00000000 		.4byte	.Ldebug_line0
 225 0029 02       		.uleb128 0x2
 226 002a 01       		.byte	0x1
 227 002b 06       		.byte	0x6
 228 002c 85010000 		.4byte	.LASF0
 229 0030 03       		.uleb128 0x3
 230 0031 3D010000 		.4byte	.LASF5
 231 0035 02       		.byte	0x2
 232 0036 2A       		.byte	0x2a
 233 0037 3B000000 		.4byte	0x3b
 234 003b 02       		.uleb128 0x2
 235 003c 01       		.byte	0x1
 236 003d 08       		.byte	0x8
 237 003e 9E000000 		.4byte	.LASF1
 238 0042 02       		.uleb128 0x2
 239 0043 02       		.byte	0x2
 240 0044 05       		.byte	0x5
 241 0045 E8000000 		.4byte	.LASF2
 242 0049 02       		.uleb128 0x2
 243 004a 02       		.byte	0x2
 244 004b 07       		.byte	0x7
 245 004c BE000000 		.4byte	.LASF3
 246 0050 02       		.uleb128 0x2
 247 0051 04       		.byte	0x4
 248 0052 05       		.byte	0x5
 249 0053 7C010000 		.4byte	.LASF4
 250 0057 03       		.uleb128 0x3
 251 0058 73010000 		.4byte	.LASF6
 252 005c 02       		.byte	0x2
 253 005d 50       		.byte	0x50
 254 005e 62000000 		.4byte	0x62
 255 0062 02       		.uleb128 0x2
 256 0063 04       		.byte	0x4
 257 0064 07       		.byte	0x7
 258 0065 AC000000 		.4byte	.LASF7
 259 0069 02       		.uleb128 0x2
 260 006a 08       		.byte	0x8
 261 006b 05       		.byte	0x5
 262 006c 45010000 		.4byte	.LASF8
 263 0070 02       		.uleb128 0x2
 264 0071 08       		.byte	0x8
 265 0072 07       		.byte	0x7
 266 0073 87000000 		.4byte	.LASF9
 267 0077 04       		.uleb128 0x4
 268 0078 04       		.byte	0x4
 269 0079 05       		.byte	0x5
 270 007a 696E7400 		.ascii	"int\000"
 271 007e 02       		.uleb128 0x2
 272 007f 04       		.byte	0x4
 273 0080 07       		.byte	0x7
 274 0081 FB000000 		.4byte	.LASF10
 275 0085 05       		.uleb128 0x5
 276 0086 8A000000 		.4byte	0x8a
 277 008a 06       		.uleb128 0x6
 278 008b 57000000 		.4byte	0x57
 279 008f 06       		.uleb128 0x6
ARM GAS  /tmp/cchIDtEX.s 			page 9


 280 0090 57000000 		.4byte	0x57
 281 0094 07       		.uleb128 0x7
 282 0095 74       		.byte	0x74
 283 0096 03       		.byte	0x3
 284 0097 9B       		.byte	0x9b
 285 0098 A7010000 		.4byte	0x1a7
 286 009c 08       		.uleb128 0x8
 287 009d 53010000 		.4byte	.LASF11
 288 00a1 03       		.byte	0x3
 289 00a2 9D       		.byte	0x9d
 290 00a3 85000000 		.4byte	0x85
 291 00a7 02       		.byte	0x2
 292 00a8 23       		.byte	0x23
 293 00a9 00       		.uleb128 0
 294 00aa 08       		.uleb128 0x8
 295 00ab 12010000 		.4byte	.LASF12
 296 00af 03       		.byte	0x3
 297 00b0 9E       		.byte	0x9e
 298 00b1 8F000000 		.4byte	0x8f
 299 00b5 02       		.byte	0x2
 300 00b6 23       		.byte	0x23
 301 00b7 04       		.uleb128 0x4
 302 00b8 08       		.uleb128 0x8
 303 00b9 50000000 		.4byte	.LASF13
 304 00bd 03       		.byte	0x3
 305 00be 9F       		.byte	0x9f
 306 00bf 8F000000 		.4byte	0x8f
 307 00c3 02       		.byte	0x2
 308 00c4 23       		.byte	0x23
 309 00c5 08       		.uleb128 0x8
 310 00c6 08       		.uleb128 0x8
 311 00c7 1E010000 		.4byte	.LASF14
 312 00cb 03       		.byte	0x3
 313 00cc A0       		.byte	0xa0
 314 00cd 8F000000 		.4byte	0x8f
 315 00d1 02       		.byte	0x2
 316 00d2 23       		.byte	0x23
 317 00d3 0C       		.uleb128 0xc
 318 00d4 09       		.uleb128 0x9
 319 00d5 53435200 		.ascii	"SCR\000"
 320 00d9 03       		.byte	0x3
 321 00da A1       		.byte	0xa1
 322 00db 8F000000 		.4byte	0x8f
 323 00df 02       		.byte	0x2
 324 00e0 23       		.byte	0x23
 325 00e1 10       		.uleb128 0x10
 326 00e2 09       		.uleb128 0x9
 327 00e3 43435200 		.ascii	"CCR\000"
 328 00e7 03       		.byte	0x3
 329 00e8 A2       		.byte	0xa2
 330 00e9 8F000000 		.4byte	0x8f
 331 00ed 02       		.byte	0x2
 332 00ee 23       		.byte	0x23
 333 00ef 14       		.uleb128 0x14
 334 00f0 09       		.uleb128 0x9
 335 00f1 53485000 		.ascii	"SHP\000"
 336 00f5 03       		.byte	0x3
ARM GAS  /tmp/cchIDtEX.s 			page 10


 337 00f6 A3       		.byte	0xa3
 338 00f7 B7010000 		.4byte	0x1b7
 339 00fb 02       		.byte	0x2
 340 00fc 23       		.byte	0x23
 341 00fd 18       		.uleb128 0x18
 342 00fe 08       		.uleb128 0x8
 343 00ff 3D000000 		.4byte	.LASF15
 344 0103 03       		.byte	0x3
 345 0104 A4       		.byte	0xa4
 346 0105 8F000000 		.4byte	0x8f
 347 0109 02       		.byte	0x2
 348 010a 23       		.byte	0x23
 349 010b 24       		.uleb128 0x24
 350 010c 08       		.uleb128 0x8
 351 010d D1000000 		.4byte	.LASF16
 352 0111 03       		.byte	0x3
 353 0112 A5       		.byte	0xa5
 354 0113 8F000000 		.4byte	0x8f
 355 0117 02       		.byte	0x2
 356 0118 23       		.byte	0x23
 357 0119 28       		.uleb128 0x28
 358 011a 08       		.uleb128 0x8
 359 011b E3000000 		.4byte	.LASF17
 360 011f 03       		.byte	0x3
 361 0120 A6       		.byte	0xa6
 362 0121 8F000000 		.4byte	0x8f
 363 0125 02       		.byte	0x2
 364 0126 23       		.byte	0x23
 365 0127 2C       		.uleb128 0x2c
 366 0128 08       		.uleb128 0x8
 367 0129 08010000 		.4byte	.LASF18
 368 012d 03       		.byte	0x3
 369 012e A7       		.byte	0xa7
 370 012f 8F000000 		.4byte	0x8f
 371 0133 02       		.byte	0x2
 372 0134 23       		.byte	0x23
 373 0135 30       		.uleb128 0x30
 374 0136 08       		.uleb128 0x8
 375 0137 6D010000 		.4byte	.LASF19
 376 013b 03       		.byte	0x3
 377 013c A8       		.byte	0xa8
 378 013d 8F000000 		.4byte	0x8f
 379 0141 02       		.byte	0x2
 380 0142 23       		.byte	0x23
 381 0143 34       		.uleb128 0x34
 382 0144 08       		.uleb128 0x8
 383 0145 29010000 		.4byte	.LASF20
 384 0149 03       		.byte	0x3
 385 014a A9       		.byte	0xa9
 386 014b 8F000000 		.4byte	0x8f
 387 014f 02       		.byte	0x2
 388 0150 23       		.byte	0x23
 389 0151 38       		.uleb128 0x38
 390 0152 08       		.uleb128 0x8
 391 0153 9E010000 		.4byte	.LASF21
 392 0157 03       		.byte	0x3
 393 0158 AA       		.byte	0xaa
ARM GAS  /tmp/cchIDtEX.s 			page 11


 394 0159 8F000000 		.4byte	0x8f
 395 015d 02       		.byte	0x2
 396 015e 23       		.byte	0x23
 397 015f 3C       		.uleb128 0x3c
 398 0160 09       		.uleb128 0x9
 399 0161 50465200 		.ascii	"PFR\000"
 400 0165 03       		.byte	0x3
 401 0166 AB       		.byte	0xab
 402 0167 CC010000 		.4byte	0x1cc
 403 016b 02       		.byte	0x2
 404 016c 23       		.byte	0x23
 405 016d 40       		.uleb128 0x40
 406 016e 09       		.uleb128 0x9
 407 016f 44465200 		.ascii	"DFR\000"
 408 0173 03       		.byte	0x3
 409 0174 AC       		.byte	0xac
 410 0175 85000000 		.4byte	0x85
 411 0179 02       		.byte	0x2
 412 017a 23       		.byte	0x23
 413 017b 48       		.uleb128 0x48
 414 017c 09       		.uleb128 0x9
 415 017d 41445200 		.ascii	"ADR\000"
 416 0181 03       		.byte	0x3
 417 0182 AD       		.byte	0xad
 418 0183 85000000 		.4byte	0x85
 419 0187 02       		.byte	0x2
 420 0188 23       		.byte	0x23
 421 0189 4C       		.uleb128 0x4c
 422 018a 08       		.uleb128 0x8
 423 018b 38000000 		.4byte	.LASF22
 424 018f 03       		.byte	0x3
 425 0190 AE       		.byte	0xae
 426 0191 E6010000 		.4byte	0x1e6
 427 0195 02       		.byte	0x2
 428 0196 23       		.byte	0x23
 429 0197 50       		.uleb128 0x50
 430 0198 08       		.uleb128 0x8
 431 0199 24010000 		.4byte	.LASF23
 432 019d 03       		.byte	0x3
 433 019e AF       		.byte	0xaf
 434 019f 00020000 		.4byte	0x200
 435 01a3 02       		.byte	0x2
 436 01a4 23       		.byte	0x23
 437 01a5 60       		.uleb128 0x60
 438 01a6 00       		.byte	0
 439 01a7 0A       		.uleb128 0xa
 440 01a8 30000000 		.4byte	0x30
 441 01ac B7010000 		.4byte	0x1b7
 442 01b0 0B       		.uleb128 0xb
 443 01b1 7E000000 		.4byte	0x7e
 444 01b5 0B       		.byte	0xb
 445 01b6 00       		.byte	0
 446 01b7 06       		.uleb128 0x6
 447 01b8 A7010000 		.4byte	0x1a7
 448 01bc 0A       		.uleb128 0xa
 449 01bd 57000000 		.4byte	0x57
 450 01c1 CC010000 		.4byte	0x1cc
ARM GAS  /tmp/cchIDtEX.s 			page 12


 451 01c5 0B       		.uleb128 0xb
 452 01c6 7E000000 		.4byte	0x7e
 453 01ca 01       		.byte	0x1
 454 01cb 00       		.byte	0
 455 01cc 05       		.uleb128 0x5
 456 01cd D1010000 		.4byte	0x1d1
 457 01d1 06       		.uleb128 0x6
 458 01d2 BC010000 		.4byte	0x1bc
 459 01d6 0A       		.uleb128 0xa
 460 01d7 57000000 		.4byte	0x57
 461 01db E6010000 		.4byte	0x1e6
 462 01df 0B       		.uleb128 0xb
 463 01e0 7E000000 		.4byte	0x7e
 464 01e4 03       		.byte	0x3
 465 01e5 00       		.byte	0
 466 01e6 05       		.uleb128 0x5
 467 01e7 EB010000 		.4byte	0x1eb
 468 01eb 06       		.uleb128 0x6
 469 01ec D6010000 		.4byte	0x1d6
 470 01f0 0A       		.uleb128 0xa
 471 01f1 57000000 		.4byte	0x57
 472 01f5 00020000 		.4byte	0x200
 473 01f9 0B       		.uleb128 0xb
 474 01fa 7E000000 		.4byte	0x7e
 475 01fe 04       		.byte	0x4
 476 01ff 00       		.byte	0
 477 0200 05       		.uleb128 0x5
 478 0201 05020000 		.4byte	0x205
 479 0205 06       		.uleb128 0x6
 480 0206 F0010000 		.4byte	0x1f0
 481 020a 03       		.uleb128 0x3
 482 020b F2000000 		.4byte	.LASF24
 483 020f 03       		.byte	0x3
 484 0210 B0       		.byte	0xb0
 485 0211 94000000 		.4byte	0x94
 486 0215 03       		.uleb128 0x3
 487 0216 96010000 		.4byte	.LASF25
 488 021a 04       		.byte	0x4
 489 021b 2B       		.byte	0x2b
 490 021c 20020000 		.4byte	0x220
 491 0220 0C       		.uleb128 0xc
 492 0221 04       		.byte	0x4
 493 0222 26020000 		.4byte	0x226
 494 0226 0D       		.uleb128 0xd
 495 0227 01       		.byte	0x1
 496 0228 02       		.uleb128 0x2
 497 0229 01       		.byte	0x1
 498 022a 08       		.byte	0x8
 499 022b 0D010000 		.4byte	.LASF26
 500 022f 0C       		.uleb128 0xc
 501 0230 04       		.byte	0x4
 502 0231 57000000 		.4byte	0x57
 503 0235 0E       		.uleb128 0xe
 504 0236 01       		.byte	0x1
 505 0237 2E010000 		.4byte	.LASF41
 506 023b 01       		.byte	0x1
 507 023c 80       		.byte	0x80
ARM GAS  /tmp/cchIDtEX.s 			page 13


 508 023d 01       		.byte	0x1
 509 023e 00000000 		.4byte	.LFB35
 510 0242 D0000000 		.4byte	.LFE35
 511 0246 00000000 		.4byte	.LLST0
 512 024a 6B020000 		.4byte	0x26b
 513 024e 0F       		.uleb128 0xf
 514 024f 91010000 		.4byte	.LASF27
 515 0253 01       		.byte	0x1
 516 0254 82       		.byte	0x82
 517 0255 2F020000 		.4byte	0x22f
 518 0259 02       		.byte	0x2
 519 025a 91       		.byte	0x91
 520 025b 74       		.sleb128 -12
 521 025c 0F       		.uleb128 0xf
 522 025d 43000000 		.4byte	.LASF28
 523 0261 01       		.byte	0x1
 524 0262 82       		.byte	0x82
 525 0263 2F020000 		.4byte	0x22f
 526 0267 02       		.byte	0x2
 527 0268 91       		.byte	0x91
 528 0269 70       		.sleb128 -16
 529 026a 00       		.byte	0
 530 026b 10       		.uleb128 0x10
 531 026c D6000000 		.4byte	.LASF29
 532 0270 03       		.byte	0x3
 533 0271 CE06     		.2byte	0x6ce
 534 0273 79020000 		.4byte	0x279
 535 0277 01       		.byte	0x1
 536 0278 01       		.byte	0x1
 537 0279 06       		.uleb128 0x6
 538 027a 77000000 		.4byte	0x77
 539 027e 0A       		.uleb128 0xa
 540 027f 57000000 		.4byte	0x57
 541 0283 8F020000 		.4byte	0x28f
 542 0287 11       		.uleb128 0x11
 543 0288 7E000000 		.4byte	0x7e
 544 028c FF03     		.2byte	0x3ff
 545 028e 00       		.byte	0
 546 028f 12       		.uleb128 0x12
 547 0290 2F000000 		.4byte	.LASF30
 548 0294 01       		.byte	0x1
 549 0295 2B       		.byte	0x2b
 550 0296 7E020000 		.4byte	0x27e
 551 029a 01       		.byte	0x1
 552 029b 01       		.byte	0x1
 553 029c 12       		.uleb128 0x12
 554 029d 59010000 		.4byte	.LASF31
 555 02a1 01       		.byte	0x1
 556 02a2 2E       		.byte	0x2e
 557 02a3 57000000 		.4byte	0x57
 558 02a7 01       		.byte	0x1
 559 02a8 01       		.byte	0x1
 560 02a9 12       		.uleb128 0x12
 561 02aa 17010000 		.4byte	.LASF32
 562 02ae 01       		.byte	0x1
 563 02af 30       		.byte	0x30
 564 02b0 57000000 		.4byte	0x57
ARM GAS  /tmp/cchIDtEX.s 			page 14


 565 02b4 01       		.byte	0x1
 566 02b5 01       		.byte	0x1
 567 02b6 12       		.uleb128 0x12
 568 02b7 A3010000 		.4byte	.LASF33
 569 02bb 01       		.byte	0x1
 570 02bc 31       		.byte	0x31
 571 02bd 57000000 		.4byte	0x57
 572 02c1 01       		.byte	0x1
 573 02c2 01       		.byte	0x1
 574 02c3 12       		.uleb128 0x12
 575 02c4 5C000000 		.4byte	.LASF34
 576 02c8 01       		.byte	0x1
 577 02c9 32       		.byte	0x32
 578 02ca 57000000 		.4byte	0x57
 579 02ce 01       		.byte	0x1
 580 02cf 01       		.byte	0x1
 581 02d0 12       		.uleb128 0x12
 582 02d1 49000000 		.4byte	.LASF35
 583 02d5 01       		.byte	0x1
 584 02d6 33       		.byte	0x33
 585 02d7 57000000 		.4byte	0x57
 586 02db 01       		.byte	0x1
 587 02dc 01       		.byte	0x1
 588 02dd 12       		.uleb128 0x12
 589 02de 55000000 		.4byte	.LASF36
 590 02e2 01       		.byte	0x1
 591 02e3 34       		.byte	0x34
 592 02e4 57000000 		.4byte	0x57
 593 02e8 01       		.byte	0x1
 594 02e9 01       		.byte	0x1
 595 02ea 10       		.uleb128 0x10
 596 02eb D6000000 		.4byte	.LASF29
 597 02ef 03       		.byte	0x3
 598 02f0 CE06     		.2byte	0x6ce
 599 02f2 79020000 		.4byte	0x279
 600 02f6 01       		.byte	0x1
 601 02f7 01       		.byte	0x1
 602 02f8 13       		.uleb128 0x13
 603 02f9 2F000000 		.4byte	.LASF30
 604 02fd 01       		.byte	0x1
 605 02fe 2B       		.byte	0x2b
 606 02ff 7E020000 		.4byte	0x27e
 607 0303 01       		.byte	0x1
 608 0304 05       		.byte	0x5
 609 0305 03       		.byte	0x3
 610 0306 00000000 		.4byte	pdwStack
 611 030a 12       		.uleb128 0x12
 612 030b 59010000 		.4byte	.LASF31
 613 030f 01       		.byte	0x1
 614 0310 2E       		.byte	0x2e
 615 0311 57000000 		.4byte	0x57
 616 0315 01       		.byte	0x1
 617 0316 01       		.byte	0x1
 618 0317 12       		.uleb128 0x12
 619 0318 17010000 		.4byte	.LASF32
 620 031c 01       		.byte	0x1
 621 031d 30       		.byte	0x30
ARM GAS  /tmp/cchIDtEX.s 			page 15


 622 031e 57000000 		.4byte	0x57
 623 0322 01       		.byte	0x1
 624 0323 01       		.byte	0x1
 625 0324 12       		.uleb128 0x12
 626 0325 A3010000 		.4byte	.LASF33
 627 0329 01       		.byte	0x1
 628 032a 31       		.byte	0x31
 629 032b 57000000 		.4byte	0x57
 630 032f 01       		.byte	0x1
 631 0330 01       		.byte	0x1
 632 0331 12       		.uleb128 0x12
 633 0332 5C000000 		.4byte	.LASF34
 634 0336 01       		.byte	0x1
 635 0337 32       		.byte	0x32
 636 0338 57000000 		.4byte	0x57
 637 033c 01       		.byte	0x1
 638 033d 01       		.byte	0x1
 639 033e 12       		.uleb128 0x12
 640 033f 49000000 		.4byte	.LASF35
 641 0343 01       		.byte	0x1
 642 0344 33       		.byte	0x33
 643 0345 57000000 		.4byte	0x57
 644 0349 01       		.byte	0x1
 645 034a 01       		.byte	0x1
 646 034b 12       		.uleb128 0x12
 647 034c 55000000 		.4byte	.LASF36
 648 0350 01       		.byte	0x1
 649 0351 34       		.byte	0x34
 650 0352 57000000 		.4byte	0x57
 651 0356 01       		.byte	0x1
 652 0357 01       		.byte	0x1
 653 0358 0A       		.uleb128 0xa
 654 0359 15020000 		.4byte	0x215
 655 035d 68030000 		.4byte	0x368
 656 0361 0B       		.uleb128 0xb
 657 0362 7E000000 		.4byte	0x7e
 658 0366 33       		.byte	0x33
 659 0367 00       		.byte	0
 660 0368 13       		.uleb128 0x13
 661 0369 77000000 		.4byte	.LASF37
 662 036d 01       		.byte	0x1
 663 036e 43       		.byte	0x43
 664 036f 58030000 		.4byte	0x358
 665 0373 01       		.byte	0x1
 666 0374 05       		.byte	0x5
 667 0375 03       		.byte	0x3
 668 0376 00000000 		.4byte	exception_table
 669 037a 00       		.byte	0
 670              		.section	.debug_abbrev,"",%progbits
 671              	.Ldebug_abbrev0:
 672 0000 01       		.uleb128 0x1
 673 0001 11       		.uleb128 0x11
 674 0002 01       		.byte	0x1
 675 0003 25       		.uleb128 0x25
 676 0004 0E       		.uleb128 0xe
 677 0005 13       		.uleb128 0x13
 678 0006 0B       		.uleb128 0xb
ARM GAS  /tmp/cchIDtEX.s 			page 16


 679 0007 03       		.uleb128 0x3
 680 0008 0E       		.uleb128 0xe
 681 0009 1B       		.uleb128 0x1b
 682 000a 0E       		.uleb128 0xe
 683 000b 11       		.uleb128 0x11
 684 000c 01       		.uleb128 0x1
 685 000d 52       		.uleb128 0x52
 686 000e 01       		.uleb128 0x1
 687 000f 55       		.uleb128 0x55
 688 0010 06       		.uleb128 0x6
 689 0011 10       		.uleb128 0x10
 690 0012 06       		.uleb128 0x6
 691 0013 00       		.byte	0
 692 0014 00       		.byte	0
 693 0015 02       		.uleb128 0x2
 694 0016 24       		.uleb128 0x24
 695 0017 00       		.byte	0
 696 0018 0B       		.uleb128 0xb
 697 0019 0B       		.uleb128 0xb
 698 001a 3E       		.uleb128 0x3e
 699 001b 0B       		.uleb128 0xb
 700 001c 03       		.uleb128 0x3
 701 001d 0E       		.uleb128 0xe
 702 001e 00       		.byte	0
 703 001f 00       		.byte	0
 704 0020 03       		.uleb128 0x3
 705 0021 16       		.uleb128 0x16
 706 0022 00       		.byte	0
 707 0023 03       		.uleb128 0x3
 708 0024 0E       		.uleb128 0xe
 709 0025 3A       		.uleb128 0x3a
 710 0026 0B       		.uleb128 0xb
 711 0027 3B       		.uleb128 0x3b
 712 0028 0B       		.uleb128 0xb
 713 0029 49       		.uleb128 0x49
 714 002a 13       		.uleb128 0x13
 715 002b 00       		.byte	0
 716 002c 00       		.byte	0
 717 002d 04       		.uleb128 0x4
 718 002e 24       		.uleb128 0x24
 719 002f 00       		.byte	0
 720 0030 0B       		.uleb128 0xb
 721 0031 0B       		.uleb128 0xb
 722 0032 3E       		.uleb128 0x3e
 723 0033 0B       		.uleb128 0xb
 724 0034 03       		.uleb128 0x3
 725 0035 08       		.uleb128 0x8
 726 0036 00       		.byte	0
 727 0037 00       		.byte	0
 728 0038 05       		.uleb128 0x5
 729 0039 26       		.uleb128 0x26
 730 003a 00       		.byte	0
 731 003b 49       		.uleb128 0x49
 732 003c 13       		.uleb128 0x13
 733 003d 00       		.byte	0
 734 003e 00       		.byte	0
 735 003f 06       		.uleb128 0x6
ARM GAS  /tmp/cchIDtEX.s 			page 17


 736 0040 35       		.uleb128 0x35
 737 0041 00       		.byte	0
 738 0042 49       		.uleb128 0x49
 739 0043 13       		.uleb128 0x13
 740 0044 00       		.byte	0
 741 0045 00       		.byte	0
 742 0046 07       		.uleb128 0x7
 743 0047 13       		.uleb128 0x13
 744 0048 01       		.byte	0x1
 745 0049 0B       		.uleb128 0xb
 746 004a 0B       		.uleb128 0xb
 747 004b 3A       		.uleb128 0x3a
 748 004c 0B       		.uleb128 0xb
 749 004d 3B       		.uleb128 0x3b
 750 004e 0B       		.uleb128 0xb
 751 004f 01       		.uleb128 0x1
 752 0050 13       		.uleb128 0x13
 753 0051 00       		.byte	0
 754 0052 00       		.byte	0
 755 0053 08       		.uleb128 0x8
 756 0054 0D       		.uleb128 0xd
 757 0055 00       		.byte	0
 758 0056 03       		.uleb128 0x3
 759 0057 0E       		.uleb128 0xe
 760 0058 3A       		.uleb128 0x3a
 761 0059 0B       		.uleb128 0xb
 762 005a 3B       		.uleb128 0x3b
 763 005b 0B       		.uleb128 0xb
 764 005c 49       		.uleb128 0x49
 765 005d 13       		.uleb128 0x13
 766 005e 38       		.uleb128 0x38
 767 005f 0A       		.uleb128 0xa
 768 0060 00       		.byte	0
 769 0061 00       		.byte	0
 770 0062 09       		.uleb128 0x9
 771 0063 0D       		.uleb128 0xd
 772 0064 00       		.byte	0
 773 0065 03       		.uleb128 0x3
 774 0066 08       		.uleb128 0x8
 775 0067 3A       		.uleb128 0x3a
 776 0068 0B       		.uleb128 0xb
 777 0069 3B       		.uleb128 0x3b
 778 006a 0B       		.uleb128 0xb
 779 006b 49       		.uleb128 0x49
 780 006c 13       		.uleb128 0x13
 781 006d 38       		.uleb128 0x38
 782 006e 0A       		.uleb128 0xa
 783 006f 00       		.byte	0
 784 0070 00       		.byte	0
 785 0071 0A       		.uleb128 0xa
 786 0072 01       		.uleb128 0x1
 787 0073 01       		.byte	0x1
 788 0074 49       		.uleb128 0x49
 789 0075 13       		.uleb128 0x13
 790 0076 01       		.uleb128 0x1
 791 0077 13       		.uleb128 0x13
 792 0078 00       		.byte	0
ARM GAS  /tmp/cchIDtEX.s 			page 18


 793 0079 00       		.byte	0
 794 007a 0B       		.uleb128 0xb
 795 007b 21       		.uleb128 0x21
 796 007c 00       		.byte	0
 797 007d 49       		.uleb128 0x49
 798 007e 13       		.uleb128 0x13
 799 007f 2F       		.uleb128 0x2f
 800 0080 0B       		.uleb128 0xb
 801 0081 00       		.byte	0
 802 0082 00       		.byte	0
 803 0083 0C       		.uleb128 0xc
 804 0084 0F       		.uleb128 0xf
 805 0085 00       		.byte	0
 806 0086 0B       		.uleb128 0xb
 807 0087 0B       		.uleb128 0xb
 808 0088 49       		.uleb128 0x49
 809 0089 13       		.uleb128 0x13
 810 008a 00       		.byte	0
 811 008b 00       		.byte	0
 812 008c 0D       		.uleb128 0xd
 813 008d 15       		.uleb128 0x15
 814 008e 00       		.byte	0
 815 008f 27       		.uleb128 0x27
 816 0090 0C       		.uleb128 0xc
 817 0091 00       		.byte	0
 818 0092 00       		.byte	0
 819 0093 0E       		.uleb128 0xe
 820 0094 2E       		.uleb128 0x2e
 821 0095 01       		.byte	0x1
 822 0096 3F       		.uleb128 0x3f
 823 0097 0C       		.uleb128 0xc
 824 0098 03       		.uleb128 0x3
 825 0099 0E       		.uleb128 0xe
 826 009a 3A       		.uleb128 0x3a
 827 009b 0B       		.uleb128 0xb
 828 009c 3B       		.uleb128 0x3b
 829 009d 0B       		.uleb128 0xb
 830 009e 27       		.uleb128 0x27
 831 009f 0C       		.uleb128 0xc
 832 00a0 11       		.uleb128 0x11
 833 00a1 01       		.uleb128 0x1
 834 00a2 12       		.uleb128 0x12
 835 00a3 01       		.uleb128 0x1
 836 00a4 40       		.uleb128 0x40
 837 00a5 06       		.uleb128 0x6
 838 00a6 01       		.uleb128 0x1
 839 00a7 13       		.uleb128 0x13
 840 00a8 00       		.byte	0
 841 00a9 00       		.byte	0
 842 00aa 0F       		.uleb128 0xf
 843 00ab 34       		.uleb128 0x34
 844 00ac 00       		.byte	0
 845 00ad 03       		.uleb128 0x3
 846 00ae 0E       		.uleb128 0xe
 847 00af 3A       		.uleb128 0x3a
 848 00b0 0B       		.uleb128 0xb
 849 00b1 3B       		.uleb128 0x3b
ARM GAS  /tmp/cchIDtEX.s 			page 19


 850 00b2 0B       		.uleb128 0xb
 851 00b3 49       		.uleb128 0x49
 852 00b4 13       		.uleb128 0x13
 853 00b5 02       		.uleb128 0x2
 854 00b6 0A       		.uleb128 0xa
 855 00b7 00       		.byte	0
 856 00b8 00       		.byte	0
 857 00b9 10       		.uleb128 0x10
 858 00ba 34       		.uleb128 0x34
 859 00bb 00       		.byte	0
 860 00bc 03       		.uleb128 0x3
 861 00bd 0E       		.uleb128 0xe
 862 00be 3A       		.uleb128 0x3a
 863 00bf 0B       		.uleb128 0xb
 864 00c0 3B       		.uleb128 0x3b
 865 00c1 05       		.uleb128 0x5
 866 00c2 49       		.uleb128 0x49
 867 00c3 13       		.uleb128 0x13
 868 00c4 3F       		.uleb128 0x3f
 869 00c5 0C       		.uleb128 0xc
 870 00c6 3C       		.uleb128 0x3c
 871 00c7 0C       		.uleb128 0xc
 872 00c8 00       		.byte	0
 873 00c9 00       		.byte	0
 874 00ca 11       		.uleb128 0x11
 875 00cb 21       		.uleb128 0x21
 876 00cc 00       		.byte	0
 877 00cd 49       		.uleb128 0x49
 878 00ce 13       		.uleb128 0x13
 879 00cf 2F       		.uleb128 0x2f
 880 00d0 05       		.uleb128 0x5
 881 00d1 00       		.byte	0
 882 00d2 00       		.byte	0
 883 00d3 12       		.uleb128 0x12
 884 00d4 34       		.uleb128 0x34
 885 00d5 00       		.byte	0
 886 00d6 03       		.uleb128 0x3
 887 00d7 0E       		.uleb128 0xe
 888 00d8 3A       		.uleb128 0x3a
 889 00d9 0B       		.uleb128 0xb
 890 00da 3B       		.uleb128 0x3b
 891 00db 0B       		.uleb128 0xb
 892 00dc 49       		.uleb128 0x49
 893 00dd 13       		.uleb128 0x13
 894 00de 3F       		.uleb128 0x3f
 895 00df 0C       		.uleb128 0xc
 896 00e0 3C       		.uleb128 0x3c
 897 00e1 0C       		.uleb128 0xc
 898 00e2 00       		.byte	0
 899 00e3 00       		.byte	0
 900 00e4 13       		.uleb128 0x13
 901 00e5 34       		.uleb128 0x34
 902 00e6 00       		.byte	0
 903 00e7 03       		.uleb128 0x3
 904 00e8 0E       		.uleb128 0xe
 905 00e9 3A       		.uleb128 0x3a
 906 00ea 0B       		.uleb128 0xb
ARM GAS  /tmp/cchIDtEX.s 			page 20


 907 00eb 3B       		.uleb128 0x3b
 908 00ec 0B       		.uleb128 0xb
 909 00ed 49       		.uleb128 0x49
 910 00ee 13       		.uleb128 0x13
 911 00ef 3F       		.uleb128 0x3f
 912 00f0 0C       		.uleb128 0xc
 913 00f1 02       		.uleb128 0x2
 914 00f2 0A       		.uleb128 0xa
 915 00f3 00       		.byte	0
 916 00f4 00       		.byte	0
 917 00f5 00       		.byte	0
 918              		.section	.debug_loc,"",%progbits
 919              	.Ldebug_loc0:
 920              	.LLST0:
 921 0000 00000000 		.4byte	.LFB35
 922 0004 02000000 		.4byte	.LCFI0
 923 0008 0200     		.2byte	0x2
 924 000a 7D       		.byte	0x7d
 925 000b 00       		.sleb128 0
 926 000c 02000000 		.4byte	.LCFI0
 927 0010 04000000 		.4byte	.LCFI1
 928 0014 0200     		.2byte	0x2
 929 0016 7D       		.byte	0x7d
 930 0017 08       		.sleb128 8
 931 0018 04000000 		.4byte	.LCFI1
 932 001c 06000000 		.4byte	.LCFI2
 933 0020 0200     		.2byte	0x2
 934 0022 7D       		.byte	0x7d
 935 0023 10       		.sleb128 16
 936 0024 06000000 		.4byte	.LCFI2
 937 0028 D0000000 		.4byte	.LFE35
 938 002c 0200     		.2byte	0x2
 939 002e 77       		.byte	0x77
 940 002f 10       		.sleb128 16
 941 0030 00000000 		.4byte	0
 942 0034 00000000 		.4byte	0
 943              		.section	.debug_aranges,"",%progbits
 944 0000 1C000000 		.4byte	0x1c
 945 0004 0200     		.2byte	0x2
 946 0006 00000000 		.4byte	.Ldebug_info0
 947 000a 04       		.byte	0x4
 948 000b 00       		.byte	0
 949 000c 0000     		.2byte	0
 950 000e 0000     		.2byte	0
 951 0010 00000000 		.4byte	.LFB35
 952 0014 D0000000 		.4byte	.LFE35-.LFB35
 953 0018 00000000 		.4byte	0
 954 001c 00000000 		.4byte	0
 955              		.section	.debug_ranges,"",%progbits
 956              	.Ldebug_ranges0:
 957 0000 00000000 		.4byte	.LFB35
 958 0004 D0000000 		.4byte	.LFE35
 959 0008 00000000 		.4byte	0
 960 000c 00000000 		.4byte	0
 961              		.section	.debug_line,"",%progbits
 962              	.Ldebug_line0:
 963 0000 01010000 		.section	.debug_str,"MS",%progbits,1
ARM GAS  /tmp/cchIDtEX.s 			page 21


 963      0200C700 
 963      00000201 
 963      FB0E0D00 
 963      01010101 
 964              	.LASF40:
 965 0000 2F686F6D 		.ascii	"/home/mo/doc/studium/aktuell/Diplomarbeit/code\000"
 965      652F6D6F 
 965      2F646F63 
 965      2F737475 
 965      6469756D 
 966              	.LASF30:
 967 002f 70647753 		.ascii	"pdwStack\000"
 967      7461636B 
 967      00
 968              	.LASF22:
 969 0038 4D4D4652 		.ascii	"MMFR\000"
 969      00
 970              	.LASF15:
 971 003d 53484353 		.ascii	"SHCSR\000"
 971      5200
 972              	.LASF28:
 973 0043 70446573 		.ascii	"pDest\000"
 973      7400
 974              	.LASF35:
 975 0049 5F737A65 		.ascii	"_szero\000"
 975      726F00
 976              	.LASF13:
 977 0050 56544F52 		.ascii	"VTOR\000"
 977      00
 978              	.LASF36:
 979 0055 5F657A65 		.ascii	"_ezero\000"
 979      726F00
 980              	.LASF34:
 981 005c 5F657265 		.ascii	"_erelocate\000"
 981      6C6F6361 
 981      746500
 982              	.LASF39:
 983 0067 626F6172 		.ascii	"board/startup.c\000"
 983      642F7374 
 983      61727475 
 983      702E6300 
 984              	.LASF37:
 985 0077 65786365 		.ascii	"exception_table\000"
 985      7074696F 
 985      6E5F7461 
 985      626C6500 
 986              	.LASF9:
 987 0087 6C6F6E67 		.ascii	"long long unsigned int\000"
 987      206C6F6E 
 987      6720756E 
 987      7369676E 
 987      65642069 
 988              	.LASF1:
 989 009e 756E7369 		.ascii	"unsigned char\000"
 989      676E6564 
 989      20636861 
 989      7200
ARM GAS  /tmp/cchIDtEX.s 			page 22


 990              	.LASF7:
 991 00ac 6C6F6E67 		.ascii	"long unsigned int\000"
 991      20756E73 
 991      69676E65 
 991      6420696E 
 991      7400
 992              	.LASF3:
 993 00be 73686F72 		.ascii	"short unsigned int\000"
 993      7420756E 
 993      7369676E 
 993      65642069 
 993      6E7400
 994              	.LASF16:
 995 00d1 43465352 		.ascii	"CFSR\000"
 995      00
 996              	.LASF29:
 997 00d6 49544D5F 		.ascii	"ITM_RxBuffer\000"
 997      52784275 
 997      66666572 
 997      00
 998              	.LASF17:
 999 00e3 48465352 		.ascii	"HFSR\000"
 999      00
 1000              	.LASF2:
 1001 00e8 73686F72 		.ascii	"short int\000"
 1001      7420696E 
 1001      7400
 1002              	.LASF24:
 1003 00f2 5343425F 		.ascii	"SCB_Type\000"
 1003      54797065 
 1003      00
 1004              	.LASF10:
 1005 00fb 756E7369 		.ascii	"unsigned int\000"
 1005      676E6564 
 1005      20696E74 
 1005      00
 1006              	.LASF18:
 1007 0108 44465352 		.ascii	"DFSR\000"
 1007      00
 1008              	.LASF26:
 1009 010d 63686172 		.ascii	"char\000"
 1009      00
 1010              	.LASF12:
 1011 0112 49435352 		.ascii	"ICSR\000"
 1011      00
 1012              	.LASF32:
 1013 0117 5F657465 		.ascii	"_etext\000"
 1013      787400
 1014              	.LASF14:
 1015 011e 41495243 		.ascii	"AIRCR\000"
 1015      5200
 1016              	.LASF23:
 1017 0124 49534152 		.ascii	"ISAR\000"
 1017      00
 1018              	.LASF20:
 1019 0129 42464152 		.ascii	"BFAR\000"
 1019      00
ARM GAS  /tmp/cchIDtEX.s 			page 23


 1020              	.LASF41:
 1021 012e 52657365 		.ascii	"ResetException\000"
 1021      74457863 
 1021      65707469 
 1021      6F6E00
 1022              	.LASF5:
 1023 013d 75696E74 		.ascii	"uint8_t\000"
 1023      385F7400 
 1024              	.LASF8:
 1025 0145 6C6F6E67 		.ascii	"long long int\000"
 1025      206C6F6E 
 1025      6720696E 
 1025      7400
 1026              	.LASF11:
 1027 0153 43505549 		.ascii	"CPUID\000"
 1027      4400
 1028              	.LASF31:
 1029 0159 5F736669 		.ascii	"_sfixed\000"
 1029      78656400 
 1030              	.LASF38:
 1031 0161 474E5520 		.ascii	"GNU C 4.6.1\000"
 1031      4320342E 
 1031      362E3100 
 1032              	.LASF19:
 1033 016d 4D4D4641 		.ascii	"MMFAR\000"
 1033      5200
 1034              	.LASF6:
 1035 0173 75696E74 		.ascii	"uint32_t\000"
 1035      33325F74 
 1035      00
 1036              	.LASF4:
 1037 017c 6C6F6E67 		.ascii	"long int\000"
 1037      20696E74 
 1037      00
 1038              	.LASF0:
 1039 0185 7369676E 		.ascii	"signed char\000"
 1039      65642063 
 1039      68617200 
 1040              	.LASF27:
 1041 0191 70537263 		.ascii	"pSrc\000"
 1041      00
 1042              	.LASF25:
 1043 0196 496E7446 		.ascii	"IntFunc\000"
 1043      756E6300 
 1044              	.LASF21:
 1045 019e 41465352 		.ascii	"AFSR\000"
 1045      00
 1046              	.LASF33:
 1047 01a3 5F737265 		.ascii	"_srelocate\000"
 1047      6C6F6361 
 1047      746500
 1048              		.ident	"GCC: (Sourcery CodeBench Lite 2011.09-69) 4.6.1"
ARM GAS  /tmp/cchIDtEX.s 			page 24


DEFINED SYMBOLS
                            *ABS*:00000000 startup.c
     /tmp/cchIDtEX.s:23     .stack:00000000 pdwStack
     /tmp/cchIDtEX.s:20     .stack:00000000 $d
     /tmp/cchIDtEX.s:30     .vectors:00000000 exception_table
     /tmp/cchIDtEX.s:27     .vectors:00000000 $d
     /tmp/cchIDtEX.s:89     .text.ResetException:00000000 ResetException
     /tmp/cchIDtEX.s:84     .text.ResetException:00000000 $t
                     .debug_frame:00000010 $d

UNDEFINED SYMBOLS
NMI_Handler
HardFault_Handler
MemManage_Handler
BusFault_Handler
UsageFault_Handler
SVC_Handler
DebugMon_Handler
PendSV_Handler
SysTick_Handler
SUPC_IrqHandler
RSTC_IrqHandler
RTC_IrqHandler
RTT_IrqHandler
WDT_IrqHandler
PMC_IrqHandler
EEFC_IrqHandler
IrqHandlerNotUsed
UART0_IrqHandler
UART1_IrqHandler
SMC_IrqHandler
PIOA_IrqHandler
PIOB_IrqHandler
PIOC_IrqHandler
USART0_IrqHandler
USART1_IrqHandler
MCI_IrqHandler
TWI0_IrqHandler
TWI1_IrqHandler
SPI_IrqHandler
SSC_IrqHandler
TC0_IrqHandler
TC1_IrqHandler
TC2_IrqHandler
TC3_IrqHandler
TC4_IrqHandler
TC5_IrqHandler
ADC_IrqHandler
DAC_IrqHandler
PWM_IrqHandler
CRCCU_IrqHandler
ACC_IrqHandler
USBD_IrqHandler
SystemInit
_etext
_srelocate
_erelocate
ARM GAS  /tmp/cchIDtEX.s 			page 25


_szero
_ezero
_sfixed
SystemCoreClockUpdate
main
